[0.406s] DEBUG:colcon:Command line arguments: ['/usr/bin/colcon', 'build']
[0.406s] DEBUG:colcon:Parsed command line arguments: Namespace(allow_overriding=[], ament_cmake_args=None, base_paths=['.'], build_base='build', catkin_cmake_args=None, catkin_skip_building_tests=False, cmake_args=None, cmake_clean_cache=False, cmake_clean_first=False, cmake_force_configure=False, cmake_target=None, cmake_target_skip_unavailable=False, continue_on_error=False, event_handlers=None, executor='parallel', ignore_user_meta=False, install_base='install', log_base=None, log_level=None, main=<bound method BuildVerb.main of <colcon_core.verb.build.BuildVerb object at 0x7f7037fac670>>, merge_install=False, metas=['./colcon.meta'], packages_above=None, packages_above_and_dependencies=None, packages_above_depth=None, packages_end=None, packages_ignore=None, packages_ignore_regex=None, packages_select=None, packages_select_build_failed=False, packages_select_by_dep=None, packages_select_regex=None, packages_select_test_failures=False, packages_skip=None, packages_skip_build_finished=False, packages_skip_by_dep=None, packages_skip_regex=None, packages_skip_test_passed=False, packages_skip_up_to=None, packages_start=None, packages_up_to=None, packages_up_to_regex=None, parallel_workers=6, paths=None, symlink_install=False, test_result_base=None, verb_extension=<colcon_core.verb.build.BuildVerb object at 0x7f7037fac670>, verb_name='build', verb_parser=<colcon_defaults.argument_parser.defaults.DefaultArgumentsDecorator object at 0x7f7037facbb0>)
[0.438s] Level 1:colcon.colcon_core.package_discovery:discover_packages(colcon_meta) check parameters
[0.438s] Level 1:colcon.colcon_core.package_discovery:discover_packages(recursive) check parameters
[0.438s] Level 1:colcon.colcon_core.package_discovery:discover_packages(ignore) check parameters
[0.438s] Level 1:colcon.colcon_core.package_discovery:discover_packages(path) check parameters
[0.438s] Level 1:colcon.colcon_core.package_discovery:discover_packages(colcon_meta) discover
[0.438s] Level 1:colcon.colcon_core.package_discovery:discover_packages(recursive) discover
[0.438s] INFO:colcon.colcon_core.package_discovery:Crawling recursively for packages in '/home/felix/ydlidar_ros2_ws'
[0.438s] Level 1:colcon.colcon_core.package_identification:_identify(.) by extensions ['ignore', 'ignore_ament_install']
[0.438s] Level 1:colcon.colcon_core.package_identification:_identify(.) by extension 'ignore'
[0.438s] Level 1:colcon.colcon_core.package_identification:_identify(.) by extension 'ignore_ament_install'
[0.438s] Level 1:colcon.colcon_core.package_identification:_identify(.) by extensions ['colcon_pkg']
[0.438s] Level 1:colcon.colcon_core.package_identification:_identify(.) by extension 'colcon_pkg'
[0.438s] Level 1:colcon.colcon_core.package_identification:_identify(.) by extensions ['colcon_meta']
[0.438s] Level 1:colcon.colcon_core.package_identification:_identify(.) by extension 'colcon_meta'
[0.438s] Level 1:colcon.colcon_core.package_identification:_identify(.) by extensions ['ros']
[0.438s] Level 1:colcon.colcon_core.package_identification:_identify(.) by extension 'ros'
[0.461s] Level 1:colcon.colcon_core.package_identification:_identify(.) by extensions ['cmake', 'python']
[0.462s] Level 1:colcon.colcon_core.package_identification:_identify(.) by extension 'cmake'
[0.462s] Level 1:colcon.colcon_core.package_identification:_identify(.) by extension 'python'
[0.462s] Level 1:colcon.colcon_core.package_identification:_identify(.) by extensions ['python_setup_py']
[0.462s] Level 1:colcon.colcon_core.package_identification:_identify(.) by extension 'python_setup_py'
[0.462s] Level 1:colcon.colcon_core.package_identification:_identify(build) by extensions ['ignore', 'ignore_ament_install']
[0.462s] Level 1:colcon.colcon_core.package_identification:_identify(build) by extension 'ignore'
[0.462s] Level 1:colcon.colcon_core.package_identification:_identify(build) ignored
[0.462s] Level 1:colcon.colcon_core.package_identification:_identify(install) by extensions ['ignore', 'ignore_ament_install']
[0.462s] Level 1:colcon.colcon_core.package_identification:_identify(install) by extension 'ignore'
[0.462s] Level 1:colcon.colcon_core.package_identification:_identify(install) ignored
[0.463s] Level 1:colcon.colcon_core.package_identification:_identify(log) by extensions ['ignore', 'ignore_ament_install']
[0.463s] Level 1:colcon.colcon_core.package_identification:_identify(log) by extension 'ignore'
[0.463s] Level 1:colcon.colcon_core.package_identification:_identify(log) ignored
[0.463s] Level 1:colcon.colcon_core.package_identification:_identify(src) by extensions ['ignore', 'ignore_ament_install']
[0.463s] Level 1:colcon.colcon_core.package_identification:_identify(src) by extension 'ignore'
[0.463s] Level 1:colcon.colcon_core.package_identification:_identify(src) by extension 'ignore_ament_install'
[0.463s] Level 1:colcon.colcon_core.package_identification:_identify(src) by extensions ['colcon_pkg']
[0.463s] Level 1:colcon.colcon_core.package_identification:_identify(src) by extension 'colcon_pkg'
[0.463s] Level 1:colcon.colcon_core.package_identification:_identify(src) by extensions ['colcon_meta']
[0.463s] Level 1:colcon.colcon_core.package_identification:_identify(src) by extension 'colcon_meta'
[0.463s] Level 1:colcon.colcon_core.package_identification:_identify(src) by extensions ['ros']
[0.463s] Level 1:colcon.colcon_core.package_identification:_identify(src) by extension 'ros'
[0.463s] Level 1:colcon.colcon_core.package_identification:_identify(src) by extensions ['cmake', 'python']
[0.463s] Level 1:colcon.colcon_core.package_identification:_identify(src) by extension 'cmake'
[0.463s] Level 1:colcon.colcon_core.package_identification:_identify(src) by extension 'python'
[0.463s] Level 1:colcon.colcon_core.package_identification:_identify(src) by extensions ['python_setup_py']
[0.464s] Level 1:colcon.colcon_core.package_identification:_identify(src) by extension 'python_setup_py'
[0.464s] Level 1:colcon.colcon_core.package_identification:_identify(src/ros2_mapping) by extensions ['ignore', 'ignore_ament_install']
[0.464s] Level 1:colcon.colcon_core.package_identification:_identify(src/ros2_mapping) by extension 'ignore'
[0.464s] Level 1:colcon.colcon_core.package_identification:_identify(src/ros2_mapping) by extension 'ignore_ament_install'
[0.464s] Level 1:colcon.colcon_core.package_identification:_identify(src/ros2_mapping) by extensions ['colcon_pkg']
[0.464s] Level 1:colcon.colcon_core.package_identification:_identify(src/ros2_mapping) by extension 'colcon_pkg'
[0.464s] Level 1:colcon.colcon_core.package_identification:_identify(src/ros2_mapping) by extensions ['colcon_meta']
[0.464s] Level 1:colcon.colcon_core.package_identification:_identify(src/ros2_mapping) by extension 'colcon_meta'
[0.464s] Level 1:colcon.colcon_core.package_identification:_identify(src/ros2_mapping) by extensions ['ros']
[0.464s] Level 1:colcon.colcon_core.package_identification:_identify(src/ros2_mapping) by extension 'ros'
[0.470s] DEBUG:colcon.colcon_core.package_identification:Package 'src/ros2_mapping' with type 'ros.ament_cmake' and name 'ros2_mapping'
[0.470s] Level 1:colcon.colcon_core.package_identification:_identify(src/ydlidar_ros2_driver) by extensions ['ignore', 'ignore_ament_install']
[0.470s] Level 1:colcon.colcon_core.package_identification:_identify(src/ydlidar_ros2_driver) by extension 'ignore'
[0.470s] Level 1:colcon.colcon_core.package_identification:_identify(src/ydlidar_ros2_driver) by extension 'ignore_ament_install'
[0.470s] Level 1:colcon.colcon_core.package_identification:_identify(src/ydlidar_ros2_driver) by extensions ['colcon_pkg']
[0.470s] Level 1:colcon.colcon_core.package_identification:_identify(src/ydlidar_ros2_driver) by extension 'colcon_pkg'
[0.470s] Level 1:colcon.colcon_core.package_identification:_identify(src/ydlidar_ros2_driver) by extensions ['colcon_meta']
[0.470s] Level 1:colcon.colcon_core.package_identification:_identify(src/ydlidar_ros2_driver) by extension 'colcon_meta'
[0.470s] Level 1:colcon.colcon_core.package_identification:_identify(src/ydlidar_ros2_driver) by extensions ['ros']
[0.470s] Level 1:colcon.colcon_core.package_identification:_identify(src/ydlidar_ros2_driver) by extension 'ros'
[0.471s] DEBUG:colcon.colcon_core.package_identification:Package 'src/ydlidar_ros2_driver' with type 'ros.ament_cmake' and name 'ydlidar_ros2_driver'
[0.471s] Level 1:colcon.colcon_core.package_discovery:discover_packages(recursive) using defaults
[0.471s] Level 1:colcon.colcon_core.package_discovery:discover_packages(ignore) discover
[0.471s] Level 1:colcon.colcon_core.package_discovery:discover_packages(ignore) using defaults
[0.471s] Level 1:colcon.colcon_core.package_discovery:discover_packages(path) discover
[0.471s] Level 1:colcon.colcon_core.package_discovery:discover_packages(path) using defaults
[0.494s] Level 1:colcon.colcon_core.package_discovery:discover_packages(prefix_path) check parameters
[0.494s] Level 1:colcon.colcon_core.package_discovery:discover_packages(prefix_path) discover
[0.497s] DEBUG:colcon.colcon_installed_package_information.package_discovery:Found 2 installed packages in /home/felix/ydlidar_ros2_ws/install
[0.498s] DEBUG:colcon.colcon_installed_package_information.package_discovery:Found 23 installed packages in /home/felix/ros2_ws/install
[0.501s] DEBUG:colcon.colcon_installed_package_information.package_discovery:Found 297 installed packages in /opt/ros/foxy
[0.506s] Level 1:colcon.colcon_core.package_discovery:discover_packages(prefix_path) using defaults
[0.595s] Level 5:colcon.colcon_core.verb:set package 'ros2_mapping' build argument 'cmake_args' from command line to 'None'
[0.595s] Level 5:colcon.colcon_core.verb:set package 'ros2_mapping' build argument 'cmake_target' from command line to 'None'
[0.595s] Level 5:colcon.colcon_core.verb:set package 'ros2_mapping' build argument 'cmake_target_skip_unavailable' from command line to 'False'
[0.595s] Level 5:colcon.colcon_core.verb:set package 'ros2_mapping' build argument 'cmake_clean_cache' from command line to 'False'
[0.595s] Level 5:colcon.colcon_core.verb:set package 'ros2_mapping' build argument 'cmake_clean_first' from command line to 'False'
[0.596s] Level 5:colcon.colcon_core.verb:set package 'ros2_mapping' build argument 'cmake_force_configure' from command line to 'False'
[0.596s] Level 5:colcon.colcon_core.verb:set package 'ros2_mapping' build argument 'ament_cmake_args' from command line to 'None'
[0.596s] Level 5:colcon.colcon_core.verb:set package 'ros2_mapping' build argument 'catkin_cmake_args' from command line to 'None'
[0.596s] Level 5:colcon.colcon_core.verb:set package 'ros2_mapping' build argument 'catkin_skip_building_tests' from command line to 'False'
[0.596s] DEBUG:colcon.colcon_core.verb:Building package 'ros2_mapping' with the following arguments: {'ament_cmake_args': None, 'build_base': '/home/felix/ydlidar_ros2_ws/build/ros2_mapping', 'catkin_cmake_args': None, 'catkin_skip_building_tests': False, 'cmake_args': None, 'cmake_clean_cache': False, 'cmake_clean_first': False, 'cmake_force_configure': False, 'cmake_target': None, 'cmake_target_skip_unavailable': False, 'install_base': '/home/felix/ydlidar_ros2_ws/install/ros2_mapping', 'merge_install': False, 'path': '/home/felix/ydlidar_ros2_ws/src/ros2_mapping', 'symlink_install': False, 'test_result_base': None}
[0.598s] Level 5:colcon.colcon_core.verb:set package 'ydlidar_ros2_driver' build argument 'cmake_args' from command line to 'None'
[0.598s] Level 5:colcon.colcon_core.verb:set package 'ydlidar_ros2_driver' build argument 'cmake_target' from command line to 'None'
[0.598s] Level 5:colcon.colcon_core.verb:set package 'ydlidar_ros2_driver' build argument 'cmake_target_skip_unavailable' from command line to 'False'
[0.598s] Level 5:colcon.colcon_core.verb:set package 'ydlidar_ros2_driver' build argument 'cmake_clean_cache' from command line to 'False'
[0.598s] Level 5:colcon.colcon_core.verb:set package 'ydlidar_ros2_driver' build argument 'cmake_clean_first' from command line to 'False'
[0.598s] Level 5:colcon.colcon_core.verb:set package 'ydlidar_ros2_driver' build argument 'cmake_force_configure' from command line to 'False'
[0.598s] Level 5:colcon.colcon_core.verb:set package 'ydlidar_ros2_driver' build argument 'ament_cmake_args' from command line to 'None'
[0.598s] Level 5:colcon.colcon_core.verb:set package 'ydlidar_ros2_driver' build argument 'catkin_cmake_args' from command line to 'None'
[0.598s] Level 5:colcon.colcon_core.verb:set package 'ydlidar_ros2_driver' build argument 'catkin_skip_building_tests' from command line to 'False'
[0.598s] DEBUG:colcon.colcon_core.verb:Building package 'ydlidar_ros2_driver' with the following arguments: {'ament_cmake_args': None, 'build_base': '/home/felix/ydlidar_ros2_ws/build/ydlidar_ros2_driver', 'catkin_cmake_args': None, 'catkin_skip_building_tests': False, 'cmake_args': None, 'cmake_clean_cache': False, 'cmake_clean_first': False, 'cmake_force_configure': False, 'cmake_target': None, 'cmake_target_skip_unavailable': False, 'install_base': '/home/felix/ydlidar_ros2_ws/install/ydlidar_ros2_driver', 'merge_install': False, 'path': '/home/felix/ydlidar_ros2_ws/src/ydlidar_ros2_driver', 'symlink_install': False, 'test_result_base': None}
[0.599s] INFO:colcon.colcon_core.executor:Executing jobs using 'parallel' executor
[0.605s] DEBUG:colcon.colcon_parallel_executor.executor.parallel:run_until_complete
[0.606s] INFO:colcon.colcon_ros.task.ament_cmake.build:Building ROS package in '/home/felix/ydlidar_ros2_ws/src/ros2_mapping' with build type 'ament_cmake'
[0.606s] INFO:colcon.colcon_cmake.task.cmake.build:Building CMake package in '/home/felix/ydlidar_ros2_ws/src/ros2_mapping'
[0.617s] INFO:colcon.colcon_core.plugin_system:Skipping extension 'colcon_core.shell.bat': Not used on non-Windows systems
[0.618s] INFO:colcon.colcon_core.shell:Skip shell extension 'powershell' for command environment: Not usable outside of PowerShell
[0.618s] DEBUG:colcon.colcon_core.shell:Skip shell extension 'dsv' for command environment
[0.631s] INFO:colcon.colcon_ros.task.ament_cmake.build:Building ROS package in '/home/felix/ydlidar_ros2_ws/src/ydlidar_ros2_driver' with build type 'ament_cmake'
[0.632s] INFO:colcon.colcon_cmake.task.cmake.build:Building CMake package in '/home/felix/ydlidar_ros2_ws/src/ydlidar_ros2_driver'
[0.635s] INFO:colcon.colcon_core.shell:Skip shell extension 'powershell' for command environment: Not usable outside of PowerShell
[0.637s] DEBUG:colcon.colcon_core.shell:Skip shell extension 'dsv' for command environment
[0.683s] DEBUG:colcon.colcon_core.event_handler.log_command:Invoking command in '/home/felix/ydlidar_ros2_ws/build/ros2_mapping': CMAKE_PREFIX_PATH=${CMAKE_PREFIX_PATH}:/home/felix/ros2_ws/install/examples_rclpy_minimal_subscriber:/home/felix/ros2_ws/install/examples_rclpy_minimal_service:/home/felix/ros2_ws/install/examples_rclpy_minimal_publisher:/home/felix/ros2_ws/install/examples_rclpy_minimal_client:/home/felix/ros2_ws/install/examples_rclpy_minimal_action_server:/home/felix/ros2_ws/install/examples_rclpy_minimal_action_client:/home/felix/ros2_ws/install/examples_rclpy_executors:/opt/ros/foxy /usr/bin/cmake --build /home/felix/ydlidar_ros2_ws/build/ros2_mapping -- -j6 -l6
[0.693s] DEBUG:colcon.colcon_core.event_handler.log_command:Invoking command in '/home/felix/ydlidar_ros2_ws/build/ydlidar_ros2_driver': CMAKE_PREFIX_PATH=${CMAKE_PREFIX_PATH}:/home/felix/ros2_ws/install/examples_rclpy_minimal_subscriber:/home/felix/ros2_ws/install/examples_rclpy_minimal_service:/home/felix/ros2_ws/install/examples_rclpy_minimal_publisher:/home/felix/ros2_ws/install/examples_rclpy_minimal_client:/home/felix/ros2_ws/install/examples_rclpy_minimal_action_server:/home/felix/ros2_ws/install/examples_rclpy_minimal_action_client:/home/felix/ros2_ws/install/examples_rclpy_executors:/opt/ros/foxy /usr/bin/cmake --build /home/felix/ydlidar_ros2_ws/build/ydlidar_ros2_driver -- -j6 -l6
[0.869s] DEBUG:colcon.colcon_core.event_handler.log_command:Invoked command in '/home/felix/ydlidar_ros2_ws/build/ydlidar_ros2_driver' returned '0': CMAKE_PREFIX_PATH=${CMAKE_PREFIX_PATH}:/home/felix/ros2_ws/install/examples_rclpy_minimal_subscriber:/home/felix/ros2_ws/install/examples_rclpy_minimal_service:/home/felix/ros2_ws/install/examples_rclpy_minimal_publisher:/home/felix/ros2_ws/install/examples_rclpy_minimal_client:/home/felix/ros2_ws/install/examples_rclpy_minimal_action_server:/home/felix/ros2_ws/install/examples_rclpy_minimal_action_client:/home/felix/ros2_ws/install/examples_rclpy_executors:/opt/ros/foxy /usr/bin/cmake --build /home/felix/ydlidar_ros2_ws/build/ydlidar_ros2_driver -- -j6 -l6
[0.971s] DEBUG:colcon.colcon_core.event_handler.log_command:Invoking command in '/home/felix/ydlidar_ros2_ws/build/ydlidar_ros2_driver': CMAKE_PREFIX_PATH=${CMAKE_PREFIX_PATH}:/home/felix/ros2_ws/install/examples_rclpy_minimal_subscriber:/home/felix/ros2_ws/install/examples_rclpy_minimal_service:/home/felix/ros2_ws/install/examples_rclpy_minimal_publisher:/home/felix/ros2_ws/install/examples_rclpy_minimal_client:/home/felix/ros2_ws/install/examples_rclpy_minimal_action_server:/home/felix/ros2_ws/install/examples_rclpy_minimal_action_client:/home/felix/ros2_ws/install/examples_rclpy_executors:/opt/ros/foxy /usr/bin/cmake --install /home/felix/ydlidar_ros2_ws/build/ydlidar_ros2_driver
[1.026s] Level 1:colcon.colcon_core.environment:create_environment_scripts_only(ydlidar_ros2_driver)
[1.033s] Level 1:colcon.colcon_core.environment:checking '/home/felix/ydlidar_ros2_ws/install/ydlidar_ros2_driver' for CMake module files
[1.034s] DEBUG:colcon.colcon_core.event_handler.log_command:Invoked command in '/home/felix/ydlidar_ros2_ws/build/ydlidar_ros2_driver' returned '0': CMAKE_PREFIX_PATH=${CMAKE_PREFIX_PATH}:/home/felix/ros2_ws/install/examples_rclpy_minimal_subscriber:/home/felix/ros2_ws/install/examples_rclpy_minimal_service:/home/felix/ros2_ws/install/examples_rclpy_minimal_publisher:/home/felix/ros2_ws/install/examples_rclpy_minimal_client:/home/felix/ros2_ws/install/examples_rclpy_minimal_action_server:/home/felix/ros2_ws/install/examples_rclpy_minimal_action_client:/home/felix/ros2_ws/install/examples_rclpy_executors:/opt/ros/foxy /usr/bin/cmake --install /home/felix/ydlidar_ros2_ws/build/ydlidar_ros2_driver
[1.035s] Level 1:colcon.colcon_core.environment:checking '/home/felix/ydlidar_ros2_ws/install/ydlidar_ros2_driver' for CMake config files
[1.035s] Level 1:colcon.colcon_core.shell:create_environment_hook('ydlidar_ros2_driver', 'cmake_prefix_path')
[1.037s] INFO:colcon.colcon_core.shell:Creating environment hook '/home/felix/ydlidar_ros2_ws/install/ydlidar_ros2_driver/share/ydlidar_ros2_driver/hook/cmake_prefix_path.ps1'
[1.038s] INFO:colcon.colcon_core.shell:Creating environment descriptor '/home/felix/ydlidar_ros2_ws/install/ydlidar_ros2_driver/share/ydlidar_ros2_driver/hook/cmake_prefix_path.dsv'
[1.039s] INFO:colcon.colcon_core.shell:Creating environment hook '/home/felix/ydlidar_ros2_ws/install/ydlidar_ros2_driver/share/ydlidar_ros2_driver/hook/cmake_prefix_path.sh'
[1.044s] Level 1:colcon.colcon_core.environment:checking '/home/felix/ydlidar_ros2_ws/install/ydlidar_ros2_driver/lib'
[1.044s] Level 1:colcon.colcon_core.environment:checking '/home/felix/ydlidar_ros2_ws/install/ydlidar_ros2_driver/bin'
[1.044s] Level 1:colcon.colcon_core.environment:checking '/home/felix/ydlidar_ros2_ws/install/ydlidar_ros2_driver/lib/pkgconfig/ydlidar_ros2_driver.pc'
[1.045s] Level 1:colcon.colcon_core.environment:checking '/home/felix/ydlidar_ros2_ws/install/ydlidar_ros2_driver/lib/python3.8/site-packages'
[1.045s] Level 1:colcon.colcon_core.environment:checking '/home/felix/ydlidar_ros2_ws/install/ydlidar_ros2_driver/bin'
[1.046s] INFO:colcon.colcon_core.shell:Creating package script '/home/felix/ydlidar_ros2_ws/install/ydlidar_ros2_driver/share/ydlidar_ros2_driver/package.ps1'
[1.052s] INFO:colcon.colcon_core.shell:Creating package descriptor '/home/felix/ydlidar_ros2_ws/install/ydlidar_ros2_driver/share/ydlidar_ros2_driver/package.dsv'
[1.053s] INFO:colcon.colcon_core.shell:Creating package script '/home/felix/ydlidar_ros2_ws/install/ydlidar_ros2_driver/share/ydlidar_ros2_driver/package.sh'
[1.054s] INFO:colcon.colcon_core.shell:Creating package script '/home/felix/ydlidar_ros2_ws/install/ydlidar_ros2_driver/share/ydlidar_ros2_driver/package.bash'
[1.054s] INFO:colcon.colcon_core.shell:Creating package script '/home/felix/ydlidar_ros2_ws/install/ydlidar_ros2_driver/share/ydlidar_ros2_driver/package.zsh'
[1.055s] Level 1:colcon.colcon_core.environment:create_file_with_runtime_dependencies(/home/felix/ydlidar_ros2_ws/install/ydlidar_ros2_driver/share/colcon-core/packages/ydlidar_ros2_driver)
[1.139s] Level 1:colcon.colcon_core.environment:create_environment_scripts_only(ydlidar_ros2_driver)
[1.141s] Level 1:colcon.colcon_core.environment:checking '/home/felix/ydlidar_ros2_ws/install/ydlidar_ros2_driver' for CMake module files
[1.141s] Level 1:colcon.colcon_core.environment:checking '/home/felix/ydlidar_ros2_ws/install/ydlidar_ros2_driver' for CMake config files
[1.142s] Level 1:colcon.colcon_core.shell:create_environment_hook('ydlidar_ros2_driver', 'cmake_prefix_path')
[1.143s] INFO:colcon.colcon_core.shell:Creating environment hook '/home/felix/ydlidar_ros2_ws/install/ydlidar_ros2_driver/share/ydlidar_ros2_driver/hook/cmake_prefix_path.ps1'
[1.144s] INFO:colcon.colcon_core.shell:Creating environment descriptor '/home/felix/ydlidar_ros2_ws/install/ydlidar_ros2_driver/share/ydlidar_ros2_driver/hook/cmake_prefix_path.dsv'
[1.144s] INFO:colcon.colcon_core.shell:Creating environment hook '/home/felix/ydlidar_ros2_ws/install/ydlidar_ros2_driver/share/ydlidar_ros2_driver/hook/cmake_prefix_path.sh'
[1.145s] Level 1:colcon.colcon_core.environment:checking '/home/felix/ydlidar_ros2_ws/install/ydlidar_ros2_driver/lib'
[1.145s] Level 1:colcon.colcon_core.environment:checking '/home/felix/ydlidar_ros2_ws/install/ydlidar_ros2_driver/bin'
[1.145s] Level 1:colcon.colcon_core.environment:checking '/home/felix/ydlidar_ros2_ws/install/ydlidar_ros2_driver/lib/pkgconfig/ydlidar_ros2_driver.pc'
[1.145s] Level 1:colcon.colcon_core.environment:checking '/home/felix/ydlidar_ros2_ws/install/ydlidar_ros2_driver/lib/python3.8/site-packages'
[1.145s] Level 1:colcon.colcon_core.environment:checking '/home/felix/ydlidar_ros2_ws/install/ydlidar_ros2_driver/bin'
[1.147s] INFO:colcon.colcon_core.shell:Creating package script '/home/felix/ydlidar_ros2_ws/install/ydlidar_ros2_driver/share/ydlidar_ros2_driver/package.ps1'
[1.149s] INFO:colcon.colcon_core.shell:Creating package descriptor '/home/felix/ydlidar_ros2_ws/install/ydlidar_ros2_driver/share/ydlidar_ros2_driver/package.dsv'
[1.150s] INFO:colcon.colcon_core.shell:Creating package script '/home/felix/ydlidar_ros2_ws/install/ydlidar_ros2_driver/share/ydlidar_ros2_driver/package.sh'
[1.152s] INFO:colcon.colcon_core.shell:Creating package script '/home/felix/ydlidar_ros2_ws/install/ydlidar_ros2_driver/share/ydlidar_ros2_driver/package.bash'
[1.154s] INFO:colcon.colcon_core.shell:Creating package script '/home/felix/ydlidar_ros2_ws/install/ydlidar_ros2_driver/share/ydlidar_ros2_driver/package.zsh'
[1.155s] Level 1:colcon.colcon_core.environment:create_file_with_runtime_dependencies(/home/felix/ydlidar_ros2_ws/install/ydlidar_ros2_driver/share/colcon-core/packages/ydlidar_ros2_driver)
[8.716s] DEBUG:colcon.colcon_core.event_handler.log_command:Invoked command in '/home/felix/ydlidar_ros2_ws/build/ros2_mapping' returned '0': CMAKE_PREFIX_PATH=${CMAKE_PREFIX_PATH}:/home/felix/ros2_ws/install/examples_rclpy_minimal_subscriber:/home/felix/ros2_ws/install/examples_rclpy_minimal_service:/home/felix/ros2_ws/install/examples_rclpy_minimal_publisher:/home/felix/ros2_ws/install/examples_rclpy_minimal_client:/home/felix/ros2_ws/install/examples_rclpy_minimal_action_server:/home/felix/ros2_ws/install/examples_rclpy_minimal_action_client:/home/felix/ros2_ws/install/examples_rclpy_executors:/opt/ros/foxy /usr/bin/cmake --build /home/felix/ydlidar_ros2_ws/build/ros2_mapping -- -j6 -l6
[8.822s] DEBUG:colcon.colcon_core.event_handler.log_command:Invoking command in '/home/felix/ydlidar_ros2_ws/build/ros2_mapping': CMAKE_PREFIX_PATH=${CMAKE_PREFIX_PATH}:/home/felix/ros2_ws/install/examples_rclpy_minimal_subscriber:/home/felix/ros2_ws/install/examples_rclpy_minimal_service:/home/felix/ros2_ws/install/examples_rclpy_minimal_publisher:/home/felix/ros2_ws/install/examples_rclpy_minimal_client:/home/felix/ros2_ws/install/examples_rclpy_minimal_action_server:/home/felix/ros2_ws/install/examples_rclpy_minimal_action_client:/home/felix/ros2_ws/install/examples_rclpy_executors:/opt/ros/foxy /usr/bin/cmake --install /home/felix/ydlidar_ros2_ws/build/ros2_mapping
[8.841s] Level 1:colcon.colcon_core.environment:create_environment_scripts_only(ros2_mapping)
[8.843s] Level 1:colcon.colcon_core.environment:checking '/home/felix/ydlidar_ros2_ws/install/ros2_mapping' for CMake module files
[8.853s] DEBUG:colcon.colcon_core.event_handler.log_command:Invoked command in '/home/felix/ydlidar_ros2_ws/build/ros2_mapping' returned '0': CMAKE_PREFIX_PATH=${CMAKE_PREFIX_PATH}:/home/felix/ros2_ws/install/examples_rclpy_minimal_subscriber:/home/felix/ros2_ws/install/examples_rclpy_minimal_service:/home/felix/ros2_ws/install/examples_rclpy_minimal_publisher:/home/felix/ros2_ws/install/examples_rclpy_minimal_client:/home/felix/ros2_ws/install/examples_rclpy_minimal_action_server:/home/felix/ros2_ws/install/examples_rclpy_minimal_action_client:/home/felix/ros2_ws/install/examples_rclpy_executors:/opt/ros/foxy /usr/bin/cmake --install /home/felix/ydlidar_ros2_ws/build/ros2_mapping
[8.856s] Level 1:colcon.colcon_core.environment:checking '/home/felix/ydlidar_ros2_ws/install/ros2_mapping' for CMake config files
[8.856s] Level 1:colcon.colcon_core.shell:create_environment_hook('ros2_mapping', 'cmake_prefix_path')
[8.859s] INFO:colcon.colcon_core.shell:Creating environment hook '/home/felix/ydlidar_ros2_ws/install/ros2_mapping/share/ros2_mapping/hook/cmake_prefix_path.ps1'
[8.860s] INFO:colcon.colcon_core.shell:Creating environment descriptor '/home/felix/ydlidar_ros2_ws/install/ros2_mapping/share/ros2_mapping/hook/cmake_prefix_path.dsv'
[8.863s] INFO:colcon.colcon_core.shell:Creating environment hook '/home/felix/ydlidar_ros2_ws/install/ros2_mapping/share/ros2_mapping/hook/cmake_prefix_path.sh'
[8.864s] Level 1:colcon.colcon_core.environment:checking '/home/felix/ydlidar_ros2_ws/install/ros2_mapping/lib'
[8.864s] Level 1:colcon.colcon_core.environment:checking '/home/felix/ydlidar_ros2_ws/install/ros2_mapping/bin'
[8.864s] Level 1:colcon.colcon_core.environment:checking '/home/felix/ydlidar_ros2_ws/install/ros2_mapping/lib/pkgconfig/ros2_mapping.pc'
[8.864s] Level 1:colcon.colcon_core.environment:checking '/home/felix/ydlidar_ros2_ws/install/ros2_mapping/lib/python3.8/site-packages'
[8.865s] Level 1:colcon.colcon_core.environment:checking '/home/felix/ydlidar_ros2_ws/install/ros2_mapping/bin'
[8.866s] INFO:colcon.colcon_core.shell:Creating package script '/home/felix/ydlidar_ros2_ws/install/ros2_mapping/share/ros2_mapping/package.ps1'
[8.867s] INFO:colcon.colcon_core.shell:Creating package descriptor '/home/felix/ydlidar_ros2_ws/install/ros2_mapping/share/ros2_mapping/package.dsv'
[8.869s] INFO:colcon.colcon_core.shell:Creating package script '/home/felix/ydlidar_ros2_ws/install/ros2_mapping/share/ros2_mapping/package.sh'
[8.870s] INFO:colcon.colcon_core.shell:Creating package script '/home/felix/ydlidar_ros2_ws/install/ros2_mapping/share/ros2_mapping/package.bash'
[8.870s] INFO:colcon.colcon_core.shell:Creating package script '/home/felix/ydlidar_ros2_ws/install/ros2_mapping/share/ros2_mapping/package.zsh'
[8.871s] Level 1:colcon.colcon_core.environment:create_file_with_runtime_dependencies(/home/felix/ydlidar_ros2_ws/install/ros2_mapping/share/colcon-core/packages/ros2_mapping)
[8.956s] Level 1:colcon.colcon_core.environment:create_environment_scripts_only(ros2_mapping)
[8.958s] Level 1:colcon.colcon_core.environment:checking '/home/felix/ydlidar_ros2_ws/install/ros2_mapping' for CMake module files
[8.959s] Level 1:colcon.colcon_core.environment:checking '/home/felix/ydlidar_ros2_ws/install/ros2_mapping' for CMake config files
[8.960s] Level 1:colcon.colcon_core.shell:create_environment_hook('ros2_mapping', 'cmake_prefix_path')
[8.961s] INFO:colcon.colcon_core.shell:Creating environment hook '/home/felix/ydlidar_ros2_ws/install/ros2_mapping/share/ros2_mapping/hook/cmake_prefix_path.ps1'
[8.962s] INFO:colcon.colcon_core.shell:Creating environment descriptor '/home/felix/ydlidar_ros2_ws/install/ros2_mapping/share/ros2_mapping/hook/cmake_prefix_path.dsv'
[8.963s] INFO:colcon.colcon_core.shell:Creating environment hook '/home/felix/ydlidar_ros2_ws/install/ros2_mapping/share/ros2_mapping/hook/cmake_prefix_path.sh'
[8.963s] Level 1:colcon.colcon_core.environment:checking '/home/felix/ydlidar_ros2_ws/install/ros2_mapping/lib'
[8.964s] Level 1:colcon.colcon_core.environment:checking '/home/felix/ydlidar_ros2_ws/install/ros2_mapping/bin'
[8.964s] Level 1:colcon.colcon_core.environment:checking '/home/felix/ydlidar_ros2_ws/install/ros2_mapping/lib/pkgconfig/ros2_mapping.pc'
[8.964s] Level 1:colcon.colcon_core.environment:checking '/home/felix/ydlidar_ros2_ws/install/ros2_mapping/lib/python3.8/site-packages'
[8.964s] Level 1:colcon.colcon_core.environment:checking '/home/felix/ydlidar_ros2_ws/install/ros2_mapping/bin'
[8.965s] INFO:colcon.colcon_core.shell:Creating package script '/home/felix/ydlidar_ros2_ws/install/ros2_mapping/share/ros2_mapping/package.ps1'
[8.968s] INFO:colcon.colcon_core.shell:Creating package descriptor '/home/felix/ydlidar_ros2_ws/install/ros2_mapping/share/ros2_mapping/package.dsv'
[8.970s] INFO:colcon.colcon_core.shell:Creating package script '/home/felix/ydlidar_ros2_ws/install/ros2_mapping/share/ros2_mapping/package.sh'
[8.971s] INFO:colcon.colcon_core.shell:Creating package script '/home/felix/ydlidar_ros2_ws/install/ros2_mapping/share/ros2_mapping/package.bash'
[8.974s] INFO:colcon.colcon_core.shell:Creating package script '/home/felix/ydlidar_ros2_ws/install/ros2_mapping/share/ros2_mapping/package.zsh'
[8.975s] Level 1:colcon.colcon_core.environment:create_file_with_runtime_dependencies(/home/felix/ydlidar_ros2_ws/install/ros2_mapping/share/colcon-core/packages/ros2_mapping)
[8.978s] DEBUG:colcon.colcon_parallel_executor.executor.parallel:closing loop
[8.978s] DEBUG:colcon.colcon_parallel_executor.executor.parallel:loop closed
[8.978s] DEBUG:colcon.colcon_parallel_executor.executor.parallel:run_until_complete finished with '0'
[8.978s] DEBUG:colcon.colcon_core.event_reactor:joining thread
[8.991s] INFO:colcon.colcon_core.plugin_system:Skipping extension 'colcon_notification.desktop_notification.terminal_notifier': Not used on non-Darwin systems
[8.991s] INFO:colcon.colcon_core.plugin_system:Skipping extension 'colcon_notification.desktop_notification.win32': Not used on non-Windows systems
[8.991s] INFO:colcon.colcon_notification.desktop_notification:Sending desktop notification using 'notify2'
[9.047s] DEBUG:colcon.colcon_core.event_reactor:joined thread
[9.048s] INFO:colcon.colcon_core.shell:Creating prefix script '/home/felix/ydlidar_ros2_ws/install/local_setup.ps1'
[9.051s] INFO:colcon.colcon_core.shell:Creating prefix util module '/home/felix/ydlidar_ros2_ws/install/_local_setup_util_ps1.py'
[9.059s] INFO:colcon.colcon_core.shell:Creating prefix chain script '/home/felix/ydlidar_ros2_ws/install/setup.ps1'
[9.062s] INFO:colcon.colcon_core.shell:Creating prefix script '/home/felix/ydlidar_ros2_ws/install/local_setup.sh'
[9.062s] INFO:colcon.colcon_core.shell:Creating prefix util module '/home/felix/ydlidar_ros2_ws/install/_local_setup_util_sh.py'
[9.063s] INFO:colcon.colcon_core.shell:Creating prefix chain script '/home/felix/ydlidar_ros2_ws/install/setup.sh'
[9.065s] INFO:colcon.colcon_core.shell:Creating prefix script '/home/felix/ydlidar_ros2_ws/install/local_setup.bash'
[9.065s] INFO:colcon.colcon_core.shell:Creating prefix chain script '/home/felix/ydlidar_ros2_ws/install/setup.bash'
[9.068s] INFO:colcon.colcon_core.shell:Creating prefix script '/home/felix/ydlidar_ros2_ws/install/local_setup.zsh'
[9.069s] INFO:colcon.colcon_core.shell:Creating prefix chain script '/home/felix/ydlidar_ros2_ws/install/setup.zsh'
