[0.029s] Invoking command in '/home/felix/ydlidar_ros2_ws/build/ros2_mapping': CMAKE_PREFIX_PATH=${CMAKE_PREFIX_PATH}:/home/felix/ros2_ws/install/examples_rclpy_minimal_subscriber:/home/felix/ros2_ws/install/examples_rclpy_minimal_service:/home/felix/ros2_ws/install/examples_rclpy_minimal_publisher:/home/felix/ros2_ws/install/examples_rclpy_minimal_client:/home/felix/ros2_ws/install/examples_rclpy_minimal_action_server:/home/felix/ros2_ws/install/examples_rclpy_minimal_action_client:/home/felix/ros2_ws/install/examples_rclpy_executors:/opt/ros/foxy /usr/bin/cmake --build /home/felix/ydlidar_ros2_ws/build/ros2_mapping -- -j6 -l6
[0.069s] -- Found ament_cmake: 0.9.11 (/opt/ros/foxy/share/ament_cmake/cmake)
[0.094s] -- Using PYTHON_EXECUTABLE: /usr/bin/python3
[0.295s] -- Found ament_lint_auto: 0.9.8 (/opt/ros/foxy/share/ament_lint_auto/cmake)
[0.355s] -- Found rclcpp: 2.4.2 (/opt/ros/foxy/share/rclcpp/cmake)
[0.386s] -- Using all available rosidl_typesupport_c: rosidl_typesupport_fastrtps_c;rosidl_typesupport_introspection_c
[0.389s] -- Found rosidl_adapter: 1.3.0 (/opt/ros/foxy/share/rosidl_adapter/cmake)
[0.486s] -- Using all available rosidl_typesupport_cpp: rosidl_typesupport_fastrtps_cpp;rosidl_typesupport_introspection_cpp
[0.533s] -- Found rmw_implementation_cmake: 1.0.4 (/opt/ros/foxy/share/rmw_implementation_cmake/cmake)
[0.535s] -- Using RMW implementation 'rmw_fastrtps_cpp' as default
[0.536s] -- Looking for pthread.h
[0.600s] -- Looking for pthread.h - found
[0.601s] -- Performing Test CMAKE_HAVE_LIBC_PTHREAD
[0.666s] -- Performing Test CMAKE_HAVE_LIBC_PTHREAD - Failed
[0.666s] -- Looking for pthread_create in pthreads
[0.729s] -- Looking for pthread_create in pthreads - not found
[0.729s] -- Looking for pthread_create in pthread
[0.792s] -- Looking for pthread_create in pthread - found
[0.793s] -- Found Threads: TRUE  
[0.918s] -- Found nav_msgs: 2.0.5 (/opt/ros/foxy/share/nav_msgs/cmake)
[1.007s] CMake Error at /opt/ros/foxy/share/ament_cmake_target_dependencies/cmake/ament_target_dependencies.cmake:77 (message):
[1.007s]   ament_target_dependencies() the passed package name 'tf2' was not found
[1.008s]   before
[1.008s] Call Stack (most recent call first):
[1.008s]   CMakeLists.txt:38 (ament_target_dependencies)
[1.008s] 
[1.008s] 
[1.009s] -- Configuring incomplete, errors occurred!
[1.009s] See also "/home/felix/ydlidar_ros2_ws/build/ros2_mapping/CMakeFiles/CMakeOutput.log".
[1.009s] See also "/home/felix/ydlidar_ros2_ws/build/ros2_mapping/CMakeFiles/CMakeError.log".
[1.015s] make: *** [Makefile:266: cmake_check_build_system] Fehler 1
[1.017s] Invoked command in '/home/felix/ydlidar_ros2_ws/build/ros2_mapping' returned '2': CMAKE_PREFIX_PATH=${CMAKE_PREFIX_PATH}:/home/felix/ros2_ws/install/examples_rclpy_minimal_subscriber:/home/felix/ros2_ws/install/examples_rclpy_minimal_service:/home/felix/ros2_ws/install/examples_rclpy_minimal_publisher:/home/felix/ros2_ws/install/examples_rclpy_minimal_client:/home/felix/ros2_ws/install/examples_rclpy_minimal_action_server:/home/felix/ros2_ws/install/examples_rclpy_minimal_action_client:/home/felix/ros2_ws/install/examples_rclpy_executors:/opt/ros/foxy /usr/bin/cmake --build /home/felix/ydlidar_ros2_ws/build/ros2_mapping -- -j6 -l6
