[0.042s] Invoking command in '/home/felix/ydlidar_ros2_ws/build/ros2_mapping': CMAKE_PREFIX_PATH=${CMAKE_PREFIX_PATH}:/home/felix/ros2_ws/install/examples_rclpy_minimal_subscriber:/home/felix/ros2_ws/install/examples_rclpy_minimal_service:/home/felix/ros2_ws/install/examples_rclpy_minimal_publisher:/home/felix/ros2_ws/install/examples_rclpy_minimal_client:/home/felix/ros2_ws/install/examples_rclpy_minimal_action_server:/home/felix/ros2_ws/install/examples_rclpy_minimal_action_client:/home/felix/ros2_ws/install/examples_rclpy_executors:/opt/ros/foxy /usr/bin/cmake --build /home/felix/ydlidar_ros2_ws/build/ros2_mapping -- -j6 -l6
[0.175s] [35m[1mScanning dependencies of target odometry[0m
[0.238s] [ 50%] [32mBuilding CXX object CMakeFiles/odometry.dir/src/odometry.cpp.o[0m
[5.260s] [100%] [32m[1mLinking CXX executable odometry[0m
[6.368s] [100%] Built target odometry
[6.402s] Invoked command in '/home/felix/ydlidar_ros2_ws/build/ros2_mapping' returned '0': CMAKE_PREFIX_PATH=${CMAKE_PREFIX_PATH}:/home/felix/ros2_ws/install/examples_rclpy_minimal_subscriber:/home/felix/ros2_ws/install/examples_rclpy_minimal_service:/home/felix/ros2_ws/install/examples_rclpy_minimal_publisher:/home/felix/ros2_ws/install/examples_rclpy_minimal_client:/home/felix/ros2_ws/install/examples_rclpy_minimal_action_server:/home/felix/ros2_ws/install/examples_rclpy_minimal_action_client:/home/felix/ros2_ws/install/examples_rclpy_executors:/opt/ros/foxy /usr/bin/cmake --build /home/felix/ydlidar_ros2_ws/build/ros2_mapping -- -j6 -l6
[6.500s] Invoking command in '/home/felix/ydlidar_ros2_ws/build/ros2_mapping': CMAKE_PREFIX_PATH=${CMAKE_PREFIX_PATH}:/home/felix/ros2_ws/install/examples_rclpy_minimal_subscriber:/home/felix/ros2_ws/install/examples_rclpy_minimal_service:/home/felix/ros2_ws/install/examples_rclpy_minimal_publisher:/home/felix/ros2_ws/install/examples_rclpy_minimal_client:/home/felix/ros2_ws/install/examples_rclpy_minimal_action_server:/home/felix/ros2_ws/install/examples_rclpy_minimal_action_client:/home/felix/ros2_ws/install/examples_rclpy_executors:/opt/ros/foxy /usr/bin/cmake --install /home/felix/ydlidar_ros2_ws/build/ros2_mapping
[6.506s] -- Install configuration: ""
[6.506s] -- Installing: /home/felix/ydlidar_ros2_ws/install/ros2_mapping/lib/ros2_mapping/odometry
[6.507s] -- Set runtime path of "/home/felix/ydlidar_ros2_ws/install/ros2_mapping/lib/ros2_mapping/odometry" to ""
[6.507s] -- Up-to-date: /home/felix/ydlidar_ros2_ws/install/ros2_mapping/share/ros2_mapping/launch
[6.508s] -- Up-to-date: /home/felix/ydlidar_ros2_ws/install/ros2_mapping/share/ros2_mapping/launch/online_async_launch.py
[6.508s] -- Up-to-date: /home/felix/ydlidar_ros2_ws/install/ros2_mapping/share/ros2_mapping/config
[6.508s] -- Up-to-date: /home/felix/ydlidar_ros2_ws/install/ros2_mapping/share/ros2_mapping/config/mapper_params_online_async.yaml
[6.508s] -- Up-to-date: /home/felix/ydlidar_ros2_ws/install/ros2_mapping/share/ament_index/resource_index/package_run_dependencies/ros2_mapping
[6.508s] -- Up-to-date: /home/felix/ydlidar_ros2_ws/install/ros2_mapping/share/ament_index/resource_index/parent_prefix_path/ros2_mapping
[6.512s] -- Up-to-date: /home/felix/ydlidar_ros2_ws/install/ros2_mapping/share/ros2_mapping/environment/ament_prefix_path.sh
[6.512s] -- Up-to-date: /home/felix/ydlidar_ros2_ws/install/ros2_mapping/share/ros2_mapping/environment/ament_prefix_path.dsv
[6.512s] -- Up-to-date: /home/felix/ydlidar_ros2_ws/install/ros2_mapping/share/ros2_mapping/environment/path.sh
[6.512s] -- Up-to-date: /home/felix/ydlidar_ros2_ws/install/ros2_mapping/share/ros2_mapping/environment/path.dsv
[6.512s] -- Up-to-date: /home/felix/ydlidar_ros2_ws/install/ros2_mapping/share/ros2_mapping/local_setup.bash
[6.512s] -- Up-to-date: /home/felix/ydlidar_ros2_ws/install/ros2_mapping/share/ros2_mapping/local_setup.sh
[6.512s] -- Up-to-date: /home/felix/ydlidar_ros2_ws/install/ros2_mapping/share/ros2_mapping/local_setup.zsh
[6.512s] -- Up-to-date: /home/felix/ydlidar_ros2_ws/install/ros2_mapping/share/ros2_mapping/local_setup.dsv
[6.513s] -- Installing: /home/felix/ydlidar_ros2_ws/install/ros2_mapping/share/ros2_mapping/package.dsv
[6.513s] -- Up-to-date: /home/felix/ydlidar_ros2_ws/install/ros2_mapping/share/ament_index/resource_index/packages/ros2_mapping
[6.513s] -- Up-to-date: /home/felix/ydlidar_ros2_ws/install/ros2_mapping/share/ros2_mapping/cmake/ros2_mappingConfig.cmake
[6.513s] -- Up-to-date: /home/felix/ydlidar_ros2_ws/install/ros2_mapping/share/ros2_mapping/cmake/ros2_mappingConfig-version.cmake
[6.514s] -- Up-to-date: /home/felix/ydlidar_ros2_ws/install/ros2_mapping/share/ros2_mapping/package.xml
[6.544s] Invoked command in '/home/felix/ydlidar_ros2_ws/build/ros2_mapping' returned '0': CMAKE_PREFIX_PATH=${CMAKE_PREFIX_PATH}:/home/felix/ros2_ws/install/examples_rclpy_minimal_subscriber:/home/felix/ros2_ws/install/examples_rclpy_minimal_service:/home/felix/ros2_ws/install/examples_rclpy_minimal_publisher:/home/felix/ros2_ws/install/examples_rclpy_minimal_client:/home/felix/ros2_ws/install/examples_rclpy_minimal_action_server:/home/felix/ros2_ws/install/examples_rclpy_minimal_action_client:/home/felix/ros2_ws/install/examples_rclpy_executors:/opt/ros/foxy /usr/bin/cmake --install /home/felix/ydlidar_ros2_ws/build/ros2_mapping
