[0.029s] Invoking command in '/home/felix/ydlidar_ros2_ws/build/ydlidar_ros2_driver': CMAKE_PREFIX_PATH=${CMAKE_PREFIX_PATH}:/home/felix/ros2_ws/install/examples_rclpy_minimal_subscriber:/home/felix/ros2_ws/install/examples_rclpy_minimal_service:/home/felix/ros2_ws/install/examples_rclpy_minimal_publisher:/home/felix/ros2_ws/install/examples_rclpy_minimal_client:/home/felix/ros2_ws/install/examples_rclpy_minimal_action_server:/home/felix/ros2_ws/install/examples_rclpy_minimal_action_client:/home/felix/ros2_ws/install/examples_rclpy_executors:/opt/ros/foxy /usr/bin/cmake /home/felix/ydlidar_ros2_ws/src/ydlidar_ros2_driver -DCMAKE_INSTALL_PREFIX=/home/felix/ydlidar_ros2_ws/install/ydlidar_ros2_driver
[0.050s] -- Found ament_cmake: 0.9.11 (/opt/ros/foxy/share/ament_cmake/cmake)
[0.078s] -- Using PYTHON_EXECUTABLE: /usr/bin/python3
[0.221s] -- Override CMake install command with custom implementation using symlinks instead of copying resources
[0.232s] -- Found rclcpp: 2.4.2 (/opt/ros/foxy/share/rclcpp/cmake)
[0.272s] -- Using all available rosidl_typesupport_c: rosidl_typesupport_fastrtps_c;rosidl_typesupport_introspection_c
[0.275s] -- Found rosidl_adapter: 1.3.0 (/opt/ros/foxy/share/rosidl_adapter/cmake)
[0.378s] -- Using all available rosidl_typesupport_cpp: rosidl_typesupport_fastrtps_cpp;rosidl_typesupport_introspection_cpp
[0.420s] -- Found rmw_implementation_cmake: 1.0.4 (/opt/ros/foxy/share/rmw_implementation_cmake/cmake)
[0.422s] -- Using RMW implementation 'rmw_fastrtps_cpp' as default
[0.545s] -- Found sensor_msgs: 2.0.5 (/opt/ros/foxy/share/sensor_msgs/cmake)
[0.636s] -- Found visualization_msgs: 2.0.5 (/opt/ros/foxy/share/visualization_msgs/cmake)
[0.694s] -- Found std_srvs: 2.0.5 (/opt/ros/foxy/share/std_srvs/cmake)
[0.706s] -- Found ament_lint_auto: 0.9.8 (/opt/ros/foxy/share/ament_lint_auto/cmake)
[0.767s] -- Added test 'copyright' to check source files copyright and LICENSE
[0.771s] -- Added test 'cppcheck' to perform static code analysis on C / C++ code
[0.772s] -- Configured cppcheck include dirs: /home/felix/ydlidar_ros2_ws/src/ydlidar_ros2_driver/src
[0.772s] -- Configured cppcheck exclude dirs and/or files: 
[0.775s] -- Added test 'cpplint' to check C / C++ code against the Google style
[0.775s] -- Configured cpplint exclude dirs and/or files: 
[0.776s] -- Added test 'flake8' to check Python code syntax and style conventions
[0.777s] -- Added test 'lint_cmake' to check CMake code style
[0.778s] -- Added test 'pep257' to check Python code against some of the style conventions in PEP 257
[0.781s] -- Added test 'uncrustify' to check C / C++ code style
[0.781s] -- Configured uncrustify additional arguments: 
[0.782s] -- Added test 'xmllint' to check XML markup files
[0.784s] -- Configuring done
[0.800s] -- Generating done
[0.803s] -- Build files have been written to: /home/felix/ydlidar_ros2_ws/build/ydlidar_ros2_driver
[0.812s] Invoked command in '/home/felix/ydlidar_ros2_ws/build/ydlidar_ros2_driver' returned '0': CMAKE_PREFIX_PATH=${CMAKE_PREFIX_PATH}:/home/felix/ros2_ws/install/examples_rclpy_minimal_subscriber:/home/felix/ros2_ws/install/examples_rclpy_minimal_service:/home/felix/ros2_ws/install/examples_rclpy_minimal_publisher:/home/felix/ros2_ws/install/examples_rclpy_minimal_client:/home/felix/ros2_ws/install/examples_rclpy_minimal_action_server:/home/felix/ros2_ws/install/examples_rclpy_minimal_action_client:/home/felix/ros2_ws/install/examples_rclpy_executors:/opt/ros/foxy /usr/bin/cmake /home/felix/ydlidar_ros2_ws/src/ydlidar_ros2_driver -DCMAKE_INSTALL_PREFIX=/home/felix/ydlidar_ros2_ws/install/ydlidar_ros2_driver
[0.816s] Invoking command in '/home/felix/ydlidar_ros2_ws/build/ydlidar_ros2_driver': CMAKE_PREFIX_PATH=${CMAKE_PREFIX_PATH}:/home/felix/ros2_ws/install/examples_rclpy_minimal_subscriber:/home/felix/ros2_ws/install/examples_rclpy_minimal_service:/home/felix/ros2_ws/install/examples_rclpy_minimal_publisher:/home/felix/ros2_ws/install/examples_rclpy_minimal_client:/home/felix/ros2_ws/install/examples_rclpy_minimal_action_server:/home/felix/ros2_ws/install/examples_rclpy_minimal_action_client:/home/felix/ros2_ws/install/examples_rclpy_executors:/opt/ros/foxy /usr/bin/cmake --build /home/felix/ydlidar_ros2_ws/build/ydlidar_ros2_driver -- -j6 -l6
[0.876s] [100%] Built target ydlidar_ros2_driver_node
[0.876s] [100%] Built target ydlidar_ros2_driver_client
[0.889s] Invoked command in '/home/felix/ydlidar_ros2_ws/build/ydlidar_ros2_driver' returned '0': CMAKE_PREFIX_PATH=${CMAKE_PREFIX_PATH}:/home/felix/ros2_ws/install/examples_rclpy_minimal_subscriber:/home/felix/ros2_ws/install/examples_rclpy_minimal_service:/home/felix/ros2_ws/install/examples_rclpy_minimal_publisher:/home/felix/ros2_ws/install/examples_rclpy_minimal_client:/home/felix/ros2_ws/install/examples_rclpy_minimal_action_server:/home/felix/ros2_ws/install/examples_rclpy_minimal_action_client:/home/felix/ros2_ws/install/examples_rclpy_executors:/opt/ros/foxy /usr/bin/cmake --build /home/felix/ydlidar_ros2_ws/build/ydlidar_ros2_driver -- -j6 -l6
[0.927s] Invoking command in '/home/felix/ydlidar_ros2_ws/build/ydlidar_ros2_driver': CMAKE_PREFIX_PATH=${CMAKE_PREFIX_PATH}:/home/felix/ros2_ws/install/examples_rclpy_minimal_subscriber:/home/felix/ros2_ws/install/examples_rclpy_minimal_service:/home/felix/ros2_ws/install/examples_rclpy_minimal_publisher:/home/felix/ros2_ws/install/examples_rclpy_minimal_client:/home/felix/ros2_ws/install/examples_rclpy_minimal_action_server:/home/felix/ros2_ws/install/examples_rclpy_minimal_action_client:/home/felix/ros2_ws/install/examples_rclpy_executors:/opt/ros/foxy /usr/bin/cmake --install /home/felix/ydlidar_ros2_ws/build/ydlidar_ros2_driver
[0.935s] -- Install configuration: ""
[0.935s] -- Execute custom install script
[0.935s] -- Up-to-date symlink: /home/felix/ydlidar_ros2_ws/install/ydlidar_ros2_driver/lib/ydlidar_ros2_driver/ydlidar_ros2_driver_node
[0.936s] -- Up-to-date symlink: /home/felix/ydlidar_ros2_ws/install/ydlidar_ros2_driver/lib/ydlidar_ros2_driver/ydlidar_ros2_driver_client
[0.936s] -- Up-to-date symlink: /home/felix/ydlidar_ros2_ws/install/ydlidar_ros2_driver/share/ydlidar_ros2_driver/launch/ydlidar.py
[0.936s] -- Up-to-date symlink: /home/felix/ydlidar_ros2_ws/install/ydlidar_ros2_driver/share/ydlidar_ros2_driver/launch/ydlidar_launch.py
[0.936s] -- Up-to-date symlink: /home/felix/ydlidar_ros2_ws/install/ydlidar_ros2_driver/share/ydlidar_ros2_driver/launch/ydlidar_launch_view.py
[0.937s] -- Up-to-date symlink: /home/felix/ydlidar_ros2_ws/install/ydlidar_ros2_driver/share/ament_index/resource_index/package_run_dependencies/ydlidar_ros2_driver
[0.937s] -- Up-to-date symlink: /home/felix/ydlidar_ros2_ws/install/ydlidar_ros2_driver/share/ament_index/resource_index/parent_prefix_path/ydlidar_ros2_driver
[0.938s] -- Up-to-date symlink: /home/felix/ydlidar_ros2_ws/install/ydlidar_ros2_driver/share/ydlidar_ros2_driver/environment/ament_prefix_path.sh
[0.938s] -- Up-to-date symlink: /home/felix/ydlidar_ros2_ws/install/ydlidar_ros2_driver/share/ydlidar_ros2_driver/environment/ament_prefix_path.dsv
[0.938s] -- Up-to-date symlink: /home/felix/ydlidar_ros2_ws/install/ydlidar_ros2_driver/share/ydlidar_ros2_driver/environment/path.sh
[0.938s] -- Up-to-date symlink: /home/felix/ydlidar_ros2_ws/install/ydlidar_ros2_driver/share/ydlidar_ros2_driver/environment/path.dsv
[0.938s] -- Up-to-date symlink: /home/felix/ydlidar_ros2_ws/install/ydlidar_ros2_driver/share/ydlidar_ros2_driver/local_setup.bash
[0.939s] -- Up-to-date symlink: /home/felix/ydlidar_ros2_ws/install/ydlidar_ros2_driver/share/ydlidar_ros2_driver/local_setup.sh
[0.941s] -- Up-to-date symlink: /home/felix/ydlidar_ros2_ws/install/ydlidar_ros2_driver/share/ydlidar_ros2_driver/local_setup.zsh
[0.941s] -- Up-to-date symlink: /home/felix/ydlidar_ros2_ws/install/ydlidar_ros2_driver/share/ydlidar_ros2_driver/local_setup.dsv
[0.943s] -- Symlinking: /home/felix/ydlidar_ros2_ws/install/ydlidar_ros2_driver/share/ydlidar_ros2_driver/package.dsv
[0.952s] -- Up-to-date symlink: /home/felix/ydlidar_ros2_ws/install/ydlidar_ros2_driver/share/ament_index/resource_index/packages/ydlidar_ros2_driver
[0.952s] -- Up-to-date symlink: /home/felix/ydlidar_ros2_ws/install/ydlidar_ros2_driver/share/ydlidar_ros2_driver/cmake/ydlidar_ros2_driverConfig.cmake
[0.953s] -- Up-to-date symlink: /home/felix/ydlidar_ros2_ws/install/ydlidar_ros2_driver/share/ydlidar_ros2_driver/cmake/ydlidar_ros2_driverConfig-version.cmake
[0.953s] -- Up-to-date symlink: /home/felix/ydlidar_ros2_ws/install/ydlidar_ros2_driver/share/ydlidar_ros2_driver/package.xml
[0.957s] Invoked command in '/home/felix/ydlidar_ros2_ws/build/ydlidar_ros2_driver' returned '0': CMAKE_PREFIX_PATH=${CMAKE_PREFIX_PATH}:/home/felix/ros2_ws/install/examples_rclpy_minimal_subscriber:/home/felix/ros2_ws/install/examples_rclpy_minimal_service:/home/felix/ros2_ws/install/examples_rclpy_minimal_publisher:/home/felix/ros2_ws/install/examples_rclpy_minimal_client:/home/felix/ros2_ws/install/examples_rclpy_minimal_action_server:/home/felix/ros2_ws/install/examples_rclpy_minimal_action_client:/home/felix/ros2_ws/install/examples_rclpy_executors:/opt/ros/foxy /usr/bin/cmake --install /home/felix/ydlidar_ros2_ws/build/ydlidar_ros2_driver
