[0.048s] Invoking command in '/home/felix/ydlidar_ros2_ws/build/ros2_mapping': CMAKE_PREFIX_PATH=${CMAKE_PREFIX_PATH}:/home/felix/ros2_ws/install/examples_rclpy_minimal_subscriber:/home/felix/ros2_ws/install/examples_rclpy_minimal_service:/home/felix/ros2_ws/install/examples_rclpy_minimal_publisher:/home/felix/ros2_ws/install/examples_rclpy_minimal_client:/home/felix/ros2_ws/install/examples_rclpy_minimal_action_server:/home/felix/ros2_ws/install/examples_rclpy_minimal_action_client:/home/felix/ros2_ws/install/examples_rclpy_executors:/opt/ros/foxy /usr/bin/cmake /home/felix/ydlidar_ros2_ws/src/ros2_mapping -DCMAKE_INSTALL_PREFIX=/home/felix/ydlidar_ros2_ws/install/ros2_mapping
[0.387s] -- The C compiler identification is GNU 9.4.0
[0.467s] -- The CXX compiler identification is GNU 9.4.0
[0.472s] -- Check for working C compiler: /usr/bin/cc
[0.539s] -- Check for working C compiler: /usr/bin/cc -- works
[0.541s] -- Detecting C compiler ABI info
[0.605s] -- Detecting C compiler ABI info - done
[0.613s] -- Detecting C compile features
[0.614s] -- Detecting C compile features - done
[0.617s] -- Check for working CXX compiler: /usr/bin/c++
[0.699s] -- Check for working CXX compiler: /usr/bin/c++ -- works
[0.699s] -- Detecting CXX compiler ABI info
[0.772s] -- Detecting CXX compiler ABI info - done
[0.781s] -- Detecting CXX compile features
[0.781s] -- Detecting CXX compile features - done
[0.786s] -- Found ament_cmake: 0.9.11 (/opt/ros/foxy/share/ament_cmake/cmake)
[0.815s] -- Found PythonInterp: /usr/bin/python3 (found suitable version "3.8.10", minimum required is "3") 
[0.815s] -- Using PYTHON_EXECUTABLE: /usr/bin/python3
[0.996s] -- Found ament_lint_auto: 0.9.8 (/opt/ros/foxy/share/ament_lint_auto/cmake)
[1.072s] -- Added test 'copyright' to check source files copyright and LICENSE
[1.074s] -- Added test 'flake8' to check Python code syntax and style conventions
[1.075s] -- Added test 'lint_cmake' to check CMake code style
[1.076s] -- Added test 'pep257' to check Python code against some of the style conventions in PEP 257
[1.077s] -- Added test 'xmllint' to check XML markup files
[1.079s] -- Configuring done
[1.081s] -- Generating done
[1.087s] -- Build files have been written to: /home/felix/ydlidar_ros2_ws/build/ros2_mapping
[1.094s] Invoked command in '/home/felix/ydlidar_ros2_ws/build/ros2_mapping' returned '0': CMAKE_PREFIX_PATH=${CMAKE_PREFIX_PATH}:/home/felix/ros2_ws/install/examples_rclpy_minimal_subscriber:/home/felix/ros2_ws/install/examples_rclpy_minimal_service:/home/felix/ros2_ws/install/examples_rclpy_minimal_publisher:/home/felix/ros2_ws/install/examples_rclpy_minimal_client:/home/felix/ros2_ws/install/examples_rclpy_minimal_action_server:/home/felix/ros2_ws/install/examples_rclpy_minimal_action_client:/home/felix/ros2_ws/install/examples_rclpy_executors:/opt/ros/foxy /usr/bin/cmake /home/felix/ydlidar_ros2_ws/src/ros2_mapping -DCMAKE_INSTALL_PREFIX=/home/felix/ydlidar_ros2_ws/install/ros2_mapping
[1.094s] Invoking command in '/home/felix/ydlidar_ros2_ws/build/ros2_mapping': CMAKE_PREFIX_PATH=${CMAKE_PREFIX_PATH}:/home/felix/ros2_ws/install/examples_rclpy_minimal_subscriber:/home/felix/ros2_ws/install/examples_rclpy_minimal_service:/home/felix/ros2_ws/install/examples_rclpy_minimal_publisher:/home/felix/ros2_ws/install/examples_rclpy_minimal_client:/home/felix/ros2_ws/install/examples_rclpy_minimal_action_server:/home/felix/ros2_ws/install/examples_rclpy_minimal_action_client:/home/felix/ros2_ws/install/examples_rclpy_executors:/opt/ros/foxy /usr/bin/cmake --build /home/felix/ydlidar_ros2_ws/build/ros2_mapping -- -j6 -l6
[1.133s] Invoked command in '/home/felix/ydlidar_ros2_ws/build/ros2_mapping' returned '0': CMAKE_PREFIX_PATH=${CMAKE_PREFIX_PATH}:/home/felix/ros2_ws/install/examples_rclpy_minimal_subscriber:/home/felix/ros2_ws/install/examples_rclpy_minimal_service:/home/felix/ros2_ws/install/examples_rclpy_minimal_publisher:/home/felix/ros2_ws/install/examples_rclpy_minimal_client:/home/felix/ros2_ws/install/examples_rclpy_minimal_action_server:/home/felix/ros2_ws/install/examples_rclpy_minimal_action_client:/home/felix/ros2_ws/install/examples_rclpy_executors:/opt/ros/foxy /usr/bin/cmake --build /home/felix/ydlidar_ros2_ws/build/ros2_mapping -- -j6 -l6
[1.171s] Invoking command in '/home/felix/ydlidar_ros2_ws/build/ros2_mapping': CMAKE_PREFIX_PATH=${CMAKE_PREFIX_PATH}:/home/felix/ros2_ws/install/examples_rclpy_minimal_subscriber:/home/felix/ros2_ws/install/examples_rclpy_minimal_service:/home/felix/ros2_ws/install/examples_rclpy_minimal_publisher:/home/felix/ros2_ws/install/examples_rclpy_minimal_client:/home/felix/ros2_ws/install/examples_rclpy_minimal_action_server:/home/felix/ros2_ws/install/examples_rclpy_minimal_action_client:/home/felix/ros2_ws/install/examples_rclpy_executors:/opt/ros/foxy /usr/bin/cmake --install /home/felix/ydlidar_ros2_ws/build/ros2_mapping
[1.177s] -- Install configuration: ""
[1.177s] -- Installing: /home/felix/ydlidar_ros2_ws/install/ros2_mapping/share/ros2_mapping/launch
[1.178s] -- Installing: /home/felix/ydlidar_ros2_ws/install/ros2_mapping/share/ros2_mapping/launch/online_async_launch.py
[1.178s] -- Installing: /home/felix/ydlidar_ros2_ws/install/ros2_mapping/share/ament_index/resource_index/package_run_dependencies/ros2_mapping
[1.178s] -- Installing: /home/felix/ydlidar_ros2_ws/install/ros2_mapping/share/ament_index/resource_index/parent_prefix_path/ros2_mapping
[1.178s] -- Installing: /home/felix/ydlidar_ros2_ws/install/ros2_mapping/share/ros2_mapping/environment/ament_prefix_path.sh
[1.181s] -- Installing: /home/felix/ydlidar_ros2_ws/install/ros2_mapping/share/ros2_mapping/environment/ament_prefix_path.dsv
[1.182s] -- Installing: /home/felix/ydlidar_ros2_ws/install/ros2_mapping/share/ros2_mapping/environment/path.sh
[1.182s] -- Installing: /home/felix/ydlidar_ros2_ws/install/ros2_mapping/share/ros2_mapping/environment/path.dsv
[1.182s] -- Installing: /home/felix/ydlidar_ros2_ws/install/ros2_mapping/share/ros2_mapping/local_setup.bash
[1.182s] -- Installing: /home/felix/ydlidar_ros2_ws/install/ros2_mapping/share/ros2_mapping/local_setup.sh
[1.183s] -- Installing: /home/felix/ydlidar_ros2_ws/install/ros2_mapping/share/ros2_mapping/local_setup.zsh
[1.183s] -- Installing: /home/felix/ydlidar_ros2_ws/install/ros2_mapping/share/ros2_mapping/local_setup.dsv
[1.184s] -- Installing: /home/felix/ydlidar_ros2_ws/install/ros2_mapping/share/ros2_mapping/package.dsv
[1.184s] -- Installing: /home/felix/ydlidar_ros2_ws/install/ros2_mapping/share/ament_index/resource_index/packages/ros2_mapping
[1.184s] -- Installing: /home/felix/ydlidar_ros2_ws/install/ros2_mapping/share/ros2_mapping/cmake/ros2_mappingConfig.cmake
[1.184s] -- Installing: /home/felix/ydlidar_ros2_ws/install/ros2_mapping/share/ros2_mapping/cmake/ros2_mappingConfig-version.cmake
[1.184s] -- Installing: /home/felix/ydlidar_ros2_ws/install/ros2_mapping/share/ros2_mapping/package.xml
[1.189s] Invoked command in '/home/felix/ydlidar_ros2_ws/build/ros2_mapping' returned '0': CMAKE_PREFIX_PATH=${CMAKE_PREFIX_PATH}:/home/felix/ros2_ws/install/examples_rclpy_minimal_subscriber:/home/felix/ros2_ws/install/examples_rclpy_minimal_service:/home/felix/ros2_ws/install/examples_rclpy_minimal_publisher:/home/felix/ros2_ws/install/examples_rclpy_minimal_client:/home/felix/ros2_ws/install/examples_rclpy_minimal_action_server:/home/felix/ros2_ws/install/examples_rclpy_minimal_action_client:/home/felix/ros2_ws/install/examples_rclpy_executors:/opt/ros/foxy /usr/bin/cmake --install /home/felix/ydlidar_ros2_ws/build/ros2_mapping
