[0.012s] Invoking command in '/home/felix/ydlidar_ros2_ws/src/ros2_mapping/build/ros2_mapping': CMAKE_PREFIX_PATH=${CMAKE_PREFIX_PATH}:/home/felix/ros2_ws/install/examples_rclpy_minimal_subscriber:/home/felix/ros2_ws/install/examples_rclpy_minimal_service:/home/felix/ros2_ws/install/examples_rclpy_minimal_publisher:/home/felix/ros2_ws/install/examples_rclpy_minimal_client:/home/felix/ros2_ws/install/examples_rclpy_minimal_action_server:/home/felix/ros2_ws/install/examples_rclpy_minimal_action_client:/home/felix/ros2_ws/install/examples_rclpy_executors:/opt/ros/foxy /usr/bin/cmake /home/felix/ydlidar_ros2_ws/src/ros2_mapping -DCMAKE_INSTALL_PREFIX=/home/felix/ydlidar_ros2_ws/src/ros2_mapping/install/ros2_mapping
[0.027s] -- Found ament_cmake: 0.9.11 (/opt/ros/foxy/share/ament_cmake/cmake)
[0.055s] -- Using PYTHON_EXECUTABLE: /usr/bin/python3
[0.201s] -- Found ament_lint_auto: 0.9.8 (/opt/ros/foxy/share/ament_lint_auto/cmake)
[0.254s] -- Found rclcpp: 2.4.2 (/opt/ros/foxy/share/rclcpp/cmake)
[0.281s] -- Using all available rosidl_typesupport_c: rosidl_typesupport_fastrtps_c;rosidl_typesupport_introspection_c
[0.284s] -- Found rosidl_adapter: 1.3.0 (/opt/ros/foxy/share/rosidl_adapter/cmake)
[0.382s] -- Using all available rosidl_typesupport_cpp: rosidl_typesupport_fastrtps_cpp;rosidl_typesupport_introspection_cpp
[0.419s] -- Found rmw_implementation_cmake: 1.0.4 (/opt/ros/foxy/share/rmw_implementation_cmake/cmake)
[0.421s] -- Using RMW implementation 'rmw_fastrtps_cpp' as default
[0.533s] -- Found nav_msgs: 2.0.5 (/opt/ros/foxy/share/nav_msgs/cmake)
[0.625s] CMake Error at CMakeLists.txt:39 (target_link_libraries):
[0.625s]   Cannot specify link libraries for target "ros2_mapping" which is not built
[0.625s]   by this project.
[0.625s] 
[0.625s] 
[0.626s] -- Configuring incomplete, errors occurred!
[0.626s] See also "/home/felix/ydlidar_ros2_ws/src/ros2_mapping/build/ros2_mapping/CMakeFiles/CMakeOutput.log".
[0.626s] See also "/home/felix/ydlidar_ros2_ws/src/ros2_mapping/build/ros2_mapping/CMakeFiles/CMakeError.log".
[0.634s] Invoked command in '/home/felix/ydlidar_ros2_ws/src/ros2_mapping/build/ros2_mapping' returned '1': CMAKE_PREFIX_PATH=${CMAKE_PREFIX_PATH}:/home/felix/ros2_ws/install/examples_rclpy_minimal_subscriber:/home/felix/ros2_ws/install/examples_rclpy_minimal_service:/home/felix/ros2_ws/install/examples_rclpy_minimal_publisher:/home/felix/ros2_ws/install/examples_rclpy_minimal_client:/home/felix/ros2_ws/install/examples_rclpy_minimal_action_server:/home/felix/ros2_ws/install/examples_rclpy_minimal_action_client:/home/felix/ros2_ws/install/examples_rclpy_executors:/opt/ros/foxy /usr/bin/cmake /home/felix/ydlidar_ros2_ws/src/ros2_mapping -DCMAKE_INSTALL_PREFIX=/home/felix/ydlidar_ros2_ws/src/ros2_mapping/install/ros2_mapping
