[0.537s] DEBUG:colcon:Command line arguments: ['/usr/bin/colcon', 'build']
[0.538s] DEBUG:colcon:Parsed command line arguments: Namespace(allow_overriding=[], ament_cmake_args=None, base_paths=['.'], build_base='build', catkin_cmake_args=None, catkin_skip_building_tests=False, cmake_args=None, cmake_clean_cache=False, cmake_clean_first=False, cmake_force_configure=False, cmake_target=None, cmake_target_skip_unavailable=False, continue_on_error=False, event_handlers=None, executor='parallel', ignore_user_meta=False, install_base='install', log_base=None, log_level=None, main=<bound method BuildVerb.main of <colcon_core.verb.build.BuildVerb object at 0x7fb9d277e6d0>>, merge_install=False, metas=['./colcon.meta'], packages_above=None, packages_above_and_dependencies=None, packages_above_depth=None, packages_end=None, packages_ignore=None, packages_ignore_regex=None, packages_select=None, packages_select_build_failed=False, packages_select_by_dep=None, packages_select_regex=None, packages_select_test_failures=False, packages_skip=None, packages_skip_build_finished=False, packages_skip_by_dep=None, packages_skip_regex=None, packages_skip_test_passed=False, packages_skip_up_to=None, packages_start=None, packages_up_to=None, packages_up_to_regex=None, parallel_workers=6, paths=None, symlink_install=False, test_result_base=None, verb_extension=<colcon_core.verb.build.BuildVerb object at 0x7fb9d277e6d0>, verb_name='build', verb_parser=<colcon_defaults.argument_parser.defaults.DefaultArgumentsDecorator object at 0x7fb9d277ec10>)
[0.609s] Level 1:colcon.colcon_core.package_discovery:discover_packages(colcon_meta) check parameters
[0.609s] Level 1:colcon.colcon_core.package_discovery:discover_packages(recursive) check parameters
[0.609s] Level 1:colcon.colcon_core.package_discovery:discover_packages(ignore) check parameters
[0.609s] Level 1:colcon.colcon_core.package_discovery:discover_packages(path) check parameters
[0.609s] Level 1:colcon.colcon_core.package_discovery:discover_packages(colcon_meta) discover
[0.609s] Level 1:colcon.colcon_core.package_discovery:discover_packages(recursive) discover
[0.609s] INFO:colcon.colcon_core.package_discovery:Crawling recursively for packages in '/home/felix/ydlidar_ros2_ws/src/ros2_mapping'
[0.610s] Level 1:colcon.colcon_core.package_identification:_identify(.) by extensions ['ignore', 'ignore_ament_install']
[0.610s] Level 1:colcon.colcon_core.package_identification:_identify(.) by extension 'ignore'
[0.610s] Level 1:colcon.colcon_core.package_identification:_identify(.) by extension 'ignore_ament_install'
[0.610s] Level 1:colcon.colcon_core.package_identification:_identify(.) by extensions ['colcon_pkg']
[0.610s] Level 1:colcon.colcon_core.package_identification:_identify(.) by extension 'colcon_pkg'
[0.610s] Level 1:colcon.colcon_core.package_identification:_identify(.) by extensions ['colcon_meta']
[0.610s] Level 1:colcon.colcon_core.package_identification:_identify(.) by extension 'colcon_meta'
[0.610s] Level 1:colcon.colcon_core.package_identification:_identify(.) by extensions ['ros']
[0.610s] Level 1:colcon.colcon_core.package_identification:_identify(.) by extension 'ros'
[0.634s] DEBUG:colcon.colcon_core.package_identification:Package '.' with type 'ros.ament_cmake' and name 'ros2_mapping'
[0.634s] Level 1:colcon.colcon_core.package_discovery:discover_packages(recursive) using defaults
[0.634s] Level 1:colcon.colcon_core.package_discovery:discover_packages(ignore) discover
[0.634s] Level 1:colcon.colcon_core.package_discovery:discover_packages(ignore) using defaults
[0.634s] Level 1:colcon.colcon_core.package_discovery:discover_packages(path) discover
[0.634s] Level 1:colcon.colcon_core.package_discovery:discover_packages(path) using defaults
[0.665s] Level 1:colcon.colcon_core.package_discovery:discover_packages(prefix_path) check parameters
[0.665s] Level 1:colcon.colcon_core.package_discovery:discover_packages(prefix_path) discover
[0.672s] DEBUG:colcon.colcon_installed_package_information.package_discovery:Found 2 installed packages in /home/felix/ydlidar_ros2_ws/install
[0.673s] DEBUG:colcon.colcon_installed_package_information.package_discovery:Found 23 installed packages in /home/felix/ros2_ws/install
[0.674s] DEBUG:colcon.colcon_installed_package_information.package_discovery:Found 297 installed packages in /opt/ros/foxy
[0.676s] Level 1:colcon.colcon_core.package_discovery:discover_packages(prefix_path) using defaults
[0.883s] Level 5:colcon.colcon_core.verb:set package 'ros2_mapping' build argument 'cmake_args' from command line to 'None'
[0.883s] Level 5:colcon.colcon_core.verb:set package 'ros2_mapping' build argument 'cmake_target' from command line to 'None'
[0.884s] Level 5:colcon.colcon_core.verb:set package 'ros2_mapping' build argument 'cmake_target_skip_unavailable' from command line to 'False'
[0.884s] Level 5:colcon.colcon_core.verb:set package 'ros2_mapping' build argument 'cmake_clean_cache' from command line to 'False'
[0.884s] Level 5:colcon.colcon_core.verb:set package 'ros2_mapping' build argument 'cmake_clean_first' from command line to 'False'
[0.884s] Level 5:colcon.colcon_core.verb:set package 'ros2_mapping' build argument 'cmake_force_configure' from command line to 'False'
[0.884s] Level 5:colcon.colcon_core.verb:set package 'ros2_mapping' build argument 'ament_cmake_args' from command line to 'None'
[0.884s] Level 5:colcon.colcon_core.verb:set package 'ros2_mapping' build argument 'catkin_cmake_args' from command line to 'None'
[0.884s] Level 5:colcon.colcon_core.verb:set package 'ros2_mapping' build argument 'catkin_skip_building_tests' from command line to 'False'
[0.884s] DEBUG:colcon.colcon_core.verb:Building package 'ros2_mapping' with the following arguments: {'ament_cmake_args': None, 'build_base': '/home/felix/ydlidar_ros2_ws/src/ros2_mapping/build/ros2_mapping', 'catkin_cmake_args': None, 'catkin_skip_building_tests': False, 'cmake_args': None, 'cmake_clean_cache': False, 'cmake_clean_first': False, 'cmake_force_configure': False, 'cmake_target': None, 'cmake_target_skip_unavailable': False, 'install_base': '/home/felix/ydlidar_ros2_ws/src/ros2_mapping/install/ros2_mapping', 'merge_install': False, 'path': '/home/felix/ydlidar_ros2_ws/src/ros2_mapping', 'symlink_install': False, 'test_result_base': None}
[0.884s] INFO:colcon.colcon_core.executor:Executing jobs using 'parallel' executor
[0.888s] DEBUG:colcon.colcon_parallel_executor.executor.parallel:run_until_complete
[0.888s] INFO:colcon.colcon_ros.task.ament_cmake.build:Building ROS package in '/home/felix/ydlidar_ros2_ws/src/ros2_mapping' with build type 'ament_cmake'
[0.888s] INFO:colcon.colcon_cmake.task.cmake.build:Building CMake package in '/home/felix/ydlidar_ros2_ws/src/ros2_mapping'
[0.901s] INFO:colcon.colcon_core.plugin_system:Skipping extension 'colcon_core.shell.bat': Not used on non-Windows systems
[0.901s] INFO:colcon.colcon_core.shell:Skip shell extension 'powershell' for command environment: Not usable outside of PowerShell
[0.901s] DEBUG:colcon.colcon_core.shell:Skip shell extension 'dsv' for command environment
[0.915s] DEBUG:colcon.colcon_core.event_handler.log_command:Invoking command in '/home/felix/ydlidar_ros2_ws/src/ros2_mapping/build/ros2_mapping': CMAKE_PREFIX_PATH=${CMAKE_PREFIX_PATH}:/home/felix/ros2_ws/install/examples_rclpy_minimal_subscriber:/home/felix/ros2_ws/install/examples_rclpy_minimal_service:/home/felix/ros2_ws/install/examples_rclpy_minimal_publisher:/home/felix/ros2_ws/install/examples_rclpy_minimal_client:/home/felix/ros2_ws/install/examples_rclpy_minimal_action_server:/home/felix/ros2_ws/install/examples_rclpy_minimal_action_client:/home/felix/ros2_ws/install/examples_rclpy_executors:/opt/ros/foxy /usr/bin/cmake /home/felix/ydlidar_ros2_ws/src/ros2_mapping -DCMAKE_INSTALL_PREFIX=/home/felix/ydlidar_ros2_ws/src/ros2_mapping/install/ros2_mapping
[3.252s] DEBUG:colcon.colcon_core.event_handler.log_command:Invoked command in '/home/felix/ydlidar_ros2_ws/src/ros2_mapping/build/ros2_mapping' returned '1': CMAKE_PREFIX_PATH=${CMAKE_PREFIX_PATH}:/home/felix/ros2_ws/install/examples_rclpy_minimal_subscriber:/home/felix/ros2_ws/install/examples_rclpy_minimal_service:/home/felix/ros2_ws/install/examples_rclpy_minimal_publisher:/home/felix/ros2_ws/install/examples_rclpy_minimal_client:/home/felix/ros2_ws/install/examples_rclpy_minimal_action_server:/home/felix/ros2_ws/install/examples_rclpy_minimal_action_client:/home/felix/ros2_ws/install/examples_rclpy_executors:/opt/ros/foxy /usr/bin/cmake /home/felix/ydlidar_ros2_ws/src/ros2_mapping -DCMAKE_INSTALL_PREFIX=/home/felix/ydlidar_ros2_ws/src/ros2_mapping/install/ros2_mapping
[3.262s] Level 1:colcon.colcon_core.environment:create_environment_scripts_only(ros2_mapping)
[3.278s] Level 1:colcon.colcon_core.environment:checking '/home/felix/ydlidar_ros2_ws/src/ros2_mapping/install/ros2_mapping' for CMake module files
[3.278s] Level 1:colcon.colcon_core.environment:checking '/home/felix/ydlidar_ros2_ws/src/ros2_mapping/install/ros2_mapping' for CMake config files
[3.279s] Level 1:colcon.colcon_core.environment:checking '/home/felix/ydlidar_ros2_ws/src/ros2_mapping/install/ros2_mapping/bin'
[3.279s] Level 1:colcon.colcon_core.environment:checking '/home/felix/ydlidar_ros2_ws/src/ros2_mapping/install/ros2_mapping/lib/pkgconfig/ros2_mapping.pc'
[3.279s] Level 1:colcon.colcon_core.environment:checking '/home/felix/ydlidar_ros2_ws/src/ros2_mapping/install/ros2_mapping/lib/python3.8/site-packages'
[3.279s] Level 1:colcon.colcon_core.environment:checking '/home/felix/ydlidar_ros2_ws/src/ros2_mapping/install/ros2_mapping/bin'
[3.280s] INFO:colcon.colcon_core.shell:Creating package script '/home/felix/ydlidar_ros2_ws/src/ros2_mapping/install/ros2_mapping/share/ros2_mapping/package.ps1'
[3.282s] INFO:colcon.colcon_core.shell:Creating package descriptor '/home/felix/ydlidar_ros2_ws/src/ros2_mapping/install/ros2_mapping/share/ros2_mapping/package.dsv'
[3.285s] INFO:colcon.colcon_core.shell:Creating package script '/home/felix/ydlidar_ros2_ws/src/ros2_mapping/install/ros2_mapping/share/ros2_mapping/package.sh'
[3.286s] INFO:colcon.colcon_core.shell:Creating package script '/home/felix/ydlidar_ros2_ws/src/ros2_mapping/install/ros2_mapping/share/ros2_mapping/package.bash'
[3.287s] INFO:colcon.colcon_core.shell:Creating package script '/home/felix/ydlidar_ros2_ws/src/ros2_mapping/install/ros2_mapping/share/ros2_mapping/package.zsh'
[3.289s] Level 1:colcon.colcon_core.environment:create_file_with_runtime_dependencies(/home/felix/ydlidar_ros2_ws/src/ros2_mapping/install/ros2_mapping/share/colcon-core/packages/ros2_mapping)
[3.301s] DEBUG:colcon.colcon_parallel_executor.executor.parallel:closing loop
[3.301s] DEBUG:colcon.colcon_parallel_executor.executor.parallel:loop closed
[3.301s] DEBUG:colcon.colcon_parallel_executor.executor.parallel:run_until_complete finished with '1'
[3.302s] DEBUG:colcon.colcon_core.event_reactor:joining thread
[3.312s] INFO:colcon.colcon_core.plugin_system:Skipping extension 'colcon_notification.desktop_notification.terminal_notifier': Not used on non-Darwin systems
[3.312s] INFO:colcon.colcon_core.plugin_system:Skipping extension 'colcon_notification.desktop_notification.win32': Not used on non-Windows systems
[3.313s] INFO:colcon.colcon_notification.desktop_notification:Sending desktop notification using 'notify2'
[3.340s] DEBUG:colcon.colcon_core.event_reactor:joined thread
[3.342s] INFO:colcon.colcon_core.shell:Creating prefix script '/home/felix/ydlidar_ros2_ws/src/ros2_mapping/install/local_setup.ps1'
[3.344s] INFO:colcon.colcon_core.shell:Creating prefix util module '/home/felix/ydlidar_ros2_ws/src/ros2_mapping/install/_local_setup_util_ps1.py'
[3.346s] INFO:colcon.colcon_core.shell:Creating prefix chain script '/home/felix/ydlidar_ros2_ws/src/ros2_mapping/install/setup.ps1'
[3.352s] INFO:colcon.colcon_core.shell:Creating prefix script '/home/felix/ydlidar_ros2_ws/src/ros2_mapping/install/local_setup.sh'
[3.354s] INFO:colcon.colcon_core.shell:Creating prefix util module '/home/felix/ydlidar_ros2_ws/src/ros2_mapping/install/_local_setup_util_sh.py'
[3.355s] INFO:colcon.colcon_core.shell:Creating prefix chain script '/home/felix/ydlidar_ros2_ws/src/ros2_mapping/install/setup.sh'
[3.358s] INFO:colcon.colcon_core.shell:Creating prefix script '/home/felix/ydlidar_ros2_ws/src/ros2_mapping/install/local_setup.bash'
[3.359s] INFO:colcon.colcon_core.shell:Creating prefix chain script '/home/felix/ydlidar_ros2_ws/src/ros2_mapping/install/setup.bash'
[3.362s] INFO:colcon.colcon_core.shell:Creating prefix script '/home/felix/ydlidar_ros2_ws/src/ros2_mapping/install/local_setup.zsh'
[3.363s] INFO:colcon.colcon_core.shell:Creating prefix chain script '/home/felix/ydlidar_ros2_ws/src/ros2_mapping/install/setup.zsh'
