[0.026s] Invoking command in '/home/felix/ydlidar_ros2_ws/src/ros2_mapping/build/ros2_mapping': CMAKE_PREFIX_PATH=${CMAKE_PREFIX_PATH}:/home/felix/ros2_ws/install/examples_rclpy_minimal_subscriber:/home/felix/ros2_ws/install/examples_rclpy_minimal_service:/home/felix/ros2_ws/install/examples_rclpy_minimal_publisher:/home/felix/ros2_ws/install/examples_rclpy_minimal_client:/home/felix/ros2_ws/install/examples_rclpy_minimal_action_server:/home/felix/ros2_ws/install/examples_rclpy_minimal_action_client:/home/felix/ros2_ws/install/examples_rclpy_executors:/opt/ros/foxy /usr/bin/cmake /home/felix/ydlidar_ros2_ws/src/ros2_mapping -DCMAKE_INSTALL_PREFIX=/home/felix/ydlidar_ros2_ws/src/ros2_mapping/install/ros2_mapping
[0.329s] -- The C compiler identification is GNU 9.4.0
[0.549s] -- The CXX compiler identification is GNU 9.4.0
[0.566s] -- Check for working C compiler: /usr/bin/cc
[0.649s] -- Check for working C compiler: /usr/bin/cc -- works
[0.652s] -- Detecting C compiler ABI info
[0.716s] -- Detecting C compiler ABI info - done
[0.724s] -- Detecting C compile features
[0.725s] -- Detecting C compile features - done
[0.730s] -- Check for working CXX compiler: /usr/bin/c++
[0.802s] -- Check for working CXX compiler: /usr/bin/c++ -- works
[0.803s] -- Detecting CXX compiler ABI info
[0.878s] -- Detecting CXX compiler ABI info - done
[0.887s] -- Detecting CXX compile features
[0.888s] -- Detecting CXX compile features - done
[0.908s] -- Found ament_cmake: 0.9.11 (/opt/ros/foxy/share/ament_cmake/cmake)
[0.954s] -- Found PythonInterp: /usr/bin/python3 (found suitable version "3.8.10", minimum required is "3") 
[0.954s] -- Using PYTHON_EXECUTABLE: /usr/bin/python3
[1.199s] -- Found ament_lint_auto: 0.9.8 (/opt/ros/foxy/share/ament_lint_auto/cmake)
[1.295s] -- Found rclcpp: 2.4.2 (/opt/ros/foxy/share/rclcpp/cmake)
[1.394s] -- Using all available rosidl_typesupport_c: rosidl_typesupport_fastrtps_c;rosidl_typesupport_introspection_c
[1.410s] -- Found rosidl_adapter: 1.3.0 (/opt/ros/foxy/share/rosidl_adapter/cmake)
[1.527s] -- Found OpenSSL: /usr/lib/x86_64-linux-gnu/libcrypto.so (found version "1.1.1f")  
[1.554s] -- Found FastRTPS: /opt/ros/foxy/include  
[1.660s] -- Using all available rosidl_typesupport_cpp: rosidl_typesupport_fastrtps_cpp;rosidl_typesupport_introspection_cpp
[1.755s] -- Found rmw_implementation_cmake: 1.0.4 (/opt/ros/foxy/share/rmw_implementation_cmake/cmake)
[1.760s] -- Using RMW implementation 'rmw_fastrtps_cpp' as default
[1.763s] -- Looking for pthread.h
[1.856s] -- Looking for pthread.h - found
[1.856s] -- Performing Test CMAKE_HAVE_LIBC_PTHREAD
[1.921s] -- Performing Test CMAKE_HAVE_LIBC_PTHREAD - Failed
[1.921s] -- Looking for pthread_create in pthreads
[1.986s] -- Looking for pthread_create in pthreads - not found
[1.986s] -- Looking for pthread_create in pthread
[2.049s] -- Looking for pthread_create in pthread - found
[2.051s] -- Found Threads: TRUE  
[2.234s] -- Found nav_msgs: 2.0.5 (/opt/ros/foxy/share/nav_msgs/cmake)
[2.352s] CMake Error at /opt/ros/foxy/share/ament_cmake_target_dependencies/cmake/ament_target_dependencies.cmake:77 (message):
[2.352s]   ament_target_dependencies() the passed package name 'tf2' was not found
[2.352s]   before
[2.352s] Call Stack (most recent call first):
[2.352s]   CMakeLists.txt:38 (ament_target_dependencies)
[2.352s] 
[2.352s] 
[2.353s] -- Configuring incomplete, errors occurred!
[2.353s] See also "/home/felix/ydlidar_ros2_ws/src/ros2_mapping/build/ros2_mapping/CMakeFiles/CMakeOutput.log".
[2.353s] See also "/home/felix/ydlidar_ros2_ws/src/ros2_mapping/build/ros2_mapping/CMakeFiles/CMakeError.log".
[2.363s] Invoked command in '/home/felix/ydlidar_ros2_ws/src/ros2_mapping/build/ros2_mapping' returned '1': CMAKE_PREFIX_PATH=${CMAKE_PREFIX_PATH}:/home/felix/ros2_ws/install/examples_rclpy_minimal_subscriber:/home/felix/ros2_ws/install/examples_rclpy_minimal_service:/home/felix/ros2_ws/install/examples_rclpy_minimal_publisher:/home/felix/ros2_ws/install/examples_rclpy_minimal_client:/home/felix/ros2_ws/install/examples_rclpy_minimal_action_server:/home/felix/ros2_ws/install/examples_rclpy_minimal_action_client:/home/felix/ros2_ws/install/examples_rclpy_executors:/opt/ros/foxy /usr/bin/cmake /home/felix/ydlidar_ros2_ws/src/ros2_mapping -DCMAKE_INSTALL_PREFIX=/home/felix/ydlidar_ros2_ws/src/ros2_mapping/install/ros2_mapping
