[0.384s] DEBUG:colcon:Command line arguments: ['/usr/bin/colcon', 'build']
[0.384s] DEBUG:colcon:Parsed command line arguments: Namespace(allow_overriding=[], ament_cmake_args=None, base_paths=['.'], build_base='build', catkin_cmake_args=None, catkin_skip_building_tests=False, cmake_args=None, cmake_clean_cache=False, cmake_clean_first=False, cmake_force_configure=False, cmake_target=None, cmake_target_skip_unavailable=False, continue_on_error=False, event_handlers=None, executor='parallel', ignore_user_meta=False, install_base='install', log_base=None, log_level=None, main=<bound method BuildVerb.main of <colcon_core.verb.build.BuildVerb object at 0x7fcf7b49b790>>, merge_install=False, metas=['./colcon.meta'], packages_above=None, packages_above_and_dependencies=None, packages_above_depth=None, packages_end=None, packages_ignore=None, packages_ignore_regex=None, packages_select=None, packages_select_build_failed=False, packages_select_by_dep=None, packages_select_regex=None, packages_select_test_failures=False, packages_skip=None, packages_skip_build_finished=False, packages_skip_by_dep=None, packages_skip_regex=None, packages_skip_test_passed=False, packages_skip_up_to=None, packages_start=None, packages_up_to=None, packages_up_to_regex=None, parallel_workers=6, paths=None, symlink_install=False, test_result_base=None, verb_extension=<colcon_core.verb.build.BuildVerb object at 0x7fcf7b49b790>, verb_name='build', verb_parser=<colcon_defaults.argument_parser.defaults.DefaultArgumentsDecorator object at 0x7fcf7b49bd00>)
[0.415s] Level 1:colcon.colcon_core.package_discovery:discover_packages(colcon_meta) check parameters
[0.415s] Level 1:colcon.colcon_core.package_discovery:discover_packages(recursive) check parameters
[0.415s] Level 1:colcon.colcon_core.package_discovery:discover_packages(ignore) check parameters
[0.415s] Level 1:colcon.colcon_core.package_discovery:discover_packages(path) check parameters
[0.415s] Level 1:colcon.colcon_core.package_discovery:discover_packages(colcon_meta) discover
[0.415s] Level 1:colcon.colcon_core.package_discovery:discover_packages(recursive) discover
[0.415s] INFO:colcon.colcon_core.package_discovery:Crawling recursively for packages in '/home/felix/ydlidar_ros2_ws'
[0.415s] Level 1:colcon.colcon_core.package_identification:_identify(.) by extensions ['ignore', 'ignore_ament_install']
[0.415s] Level 1:colcon.colcon_core.package_identification:_identify(.) by extension 'ignore'
[0.415s] Level 1:colcon.colcon_core.package_identification:_identify(.) by extension 'ignore_ament_install'
[0.415s] Level 1:colcon.colcon_core.package_identification:_identify(.) by extensions ['colcon_pkg']
[0.415s] Level 1:colcon.colcon_core.package_identification:_identify(.) by extension 'colcon_pkg'
[0.415s] Level 1:colcon.colcon_core.package_identification:_identify(.) by extensions ['colcon_meta']
[0.415s] Level 1:colcon.colcon_core.package_identification:_identify(.) by extension 'colcon_meta'
[0.415s] Level 1:colcon.colcon_core.package_identification:_identify(.) by extensions ['ros']
[0.415s] Level 1:colcon.colcon_core.package_identification:_identify(.) by extension 'ros'
[0.448s] Level 1:colcon.colcon_core.package_identification:_identify(.) by extensions ['cmake', 'python']
[0.448s] Level 1:colcon.colcon_core.package_identification:_identify(.) by extension 'cmake'
[0.448s] Level 1:colcon.colcon_core.package_identification:_identify(.) by extension 'python'
[0.448s] Level 1:colcon.colcon_core.package_identification:_identify(.) by extensions ['python_setup_py']
[0.448s] Level 1:colcon.colcon_core.package_identification:_identify(.) by extension 'python_setup_py'
[0.448s] Level 1:colcon.colcon_core.package_identification:_identify(build) by extensions ['ignore', 'ignore_ament_install']
[0.448s] Level 1:colcon.colcon_core.package_identification:_identify(build) by extension 'ignore'
[0.448s] Level 1:colcon.colcon_core.package_identification:_identify(build) ignored
[0.448s] Level 1:colcon.colcon_core.package_identification:_identify(install) by extensions ['ignore', 'ignore_ament_install']
[0.448s] Level 1:colcon.colcon_core.package_identification:_identify(install) by extension 'ignore'
[0.448s] Level 1:colcon.colcon_core.package_identification:_identify(install) ignored
[0.449s] Level 1:colcon.colcon_core.package_identification:_identify(log) by extensions ['ignore', 'ignore_ament_install']
[0.449s] Level 1:colcon.colcon_core.package_identification:_identify(log) by extension 'ignore'
[0.449s] Level 1:colcon.colcon_core.package_identification:_identify(log) ignored
[0.449s] Level 1:colcon.colcon_core.package_identification:_identify(src) by extensions ['ignore', 'ignore_ament_install']
[0.449s] Level 1:colcon.colcon_core.package_identification:_identify(src) by extension 'ignore'
[0.449s] Level 1:colcon.colcon_core.package_identification:_identify(src) by extension 'ignore_ament_install'
[0.449s] Level 1:colcon.colcon_core.package_identification:_identify(src) by extensions ['colcon_pkg']
[0.449s] Level 1:colcon.colcon_core.package_identification:_identify(src) by extension 'colcon_pkg'
[0.451s] Level 1:colcon.colcon_core.package_identification:_identify(src) by extensions ['colcon_meta']
[0.451s] Level 1:colcon.colcon_core.package_identification:_identify(src) by extension 'colcon_meta'
[0.451s] Level 1:colcon.colcon_core.package_identification:_identify(src) by extensions ['ros']
[0.451s] Level 1:colcon.colcon_core.package_identification:_identify(src) by extension 'ros'
[0.451s] Level 1:colcon.colcon_core.package_identification:_identify(src) by extensions ['cmake', 'python']
[0.451s] Level 1:colcon.colcon_core.package_identification:_identify(src) by extension 'cmake'
[0.451s] Level 1:colcon.colcon_core.package_identification:_identify(src) by extension 'python'
[0.451s] Level 1:colcon.colcon_core.package_identification:_identify(src) by extensions ['python_setup_py']
[0.451s] Level 1:colcon.colcon_core.package_identification:_identify(src) by extension 'python_setup_py'
[0.451s] Level 1:colcon.colcon_core.package_identification:_identify(src/ros2_mapping) by extensions ['ignore', 'ignore_ament_install']
[0.451s] Level 1:colcon.colcon_core.package_identification:_identify(src/ros2_mapping) by extension 'ignore'
[0.451s] Level 1:colcon.colcon_core.package_identification:_identify(src/ros2_mapping) by extension 'ignore_ament_install'
[0.451s] Level 1:colcon.colcon_core.package_identification:_identify(src/ros2_mapping) by extensions ['colcon_pkg']
[0.451s] Level 1:colcon.colcon_core.package_identification:_identify(src/ros2_mapping) by extension 'colcon_pkg'
[0.451s] Level 1:colcon.colcon_core.package_identification:_identify(src/ros2_mapping) by extensions ['colcon_meta']
[0.451s] Level 1:colcon.colcon_core.package_identification:_identify(src/ros2_mapping) by extension 'colcon_meta'
[0.451s] Level 1:colcon.colcon_core.package_identification:_identify(src/ros2_mapping) by extensions ['ros']
[0.451s] Level 1:colcon.colcon_core.package_identification:_identify(src/ros2_mapping) by extension 'ros'
[0.454s] DEBUG:colcon.colcon_core.package_identification:Package 'src/ros2_mapping' with type 'ros.ament_cmake' and name 'ros2_mapping'
[0.454s] Level 1:colcon.colcon_core.package_identification:_identify(src/ydlidar_ros2_driver) by extensions ['ignore', 'ignore_ament_install']
[0.454s] Level 1:colcon.colcon_core.package_identification:_identify(src/ydlidar_ros2_driver) by extension 'ignore'
[0.454s] Level 1:colcon.colcon_core.package_identification:_identify(src/ydlidar_ros2_driver) by extension 'ignore_ament_install'
[0.454s] Level 1:colcon.colcon_core.package_identification:_identify(src/ydlidar_ros2_driver) by extensions ['colcon_pkg']
[0.454s] Level 1:colcon.colcon_core.package_identification:_identify(src/ydlidar_ros2_driver) by extension 'colcon_pkg'
[0.454s] Level 1:colcon.colcon_core.package_identification:_identify(src/ydlidar_ros2_driver) by extensions ['colcon_meta']
[0.454s] Level 1:colcon.colcon_core.package_identification:_identify(src/ydlidar_ros2_driver) by extension 'colcon_meta'
[0.454s] Level 1:colcon.colcon_core.package_identification:_identify(src/ydlidar_ros2_driver) by extensions ['ros']
[0.454s] Level 1:colcon.colcon_core.package_identification:_identify(src/ydlidar_ros2_driver) by extension 'ros'
[0.455s] DEBUG:colcon.colcon_core.package_identification:Package 'src/ydlidar_ros2_driver' with type 'ros.ament_cmake' and name 'ydlidar_ros2_driver'
[0.455s] Level 1:colcon.colcon_core.package_discovery:discover_packages(recursive) using defaults
[0.455s] Level 1:colcon.colcon_core.package_discovery:discover_packages(ignore) discover
[0.455s] Level 1:colcon.colcon_core.package_discovery:discover_packages(ignore) using defaults
[0.455s] Level 1:colcon.colcon_core.package_discovery:discover_packages(path) discover
[0.455s] Level 1:colcon.colcon_core.package_discovery:discover_packages(path) using defaults
[0.480s] Level 1:colcon.colcon_core.package_discovery:discover_packages(prefix_path) check parameters
[0.480s] Level 1:colcon.colcon_core.package_discovery:discover_packages(prefix_path) discover
[0.483s] DEBUG:colcon.colcon_installed_package_information.package_discovery:Found 2 installed packages in /home/felix/ydlidar_ros2_ws/install
[0.484s] DEBUG:colcon.colcon_installed_package_information.package_discovery:Found 23 installed packages in /home/felix/ros2_ws/install
[0.486s] DEBUG:colcon.colcon_installed_package_information.package_discovery:Found 297 installed packages in /opt/ros/foxy
[0.488s] Level 1:colcon.colcon_core.package_discovery:discover_packages(prefix_path) using defaults
[0.582s] Level 5:colcon.colcon_core.verb:set package 'ros2_mapping' build argument 'cmake_args' from command line to 'None'
[0.582s] Level 5:colcon.colcon_core.verb:set package 'ros2_mapping' build argument 'cmake_target' from command line to 'None'
[0.582s] Level 5:colcon.colcon_core.verb:set package 'ros2_mapping' build argument 'cmake_target_skip_unavailable' from command line to 'False'
[0.582s] Level 5:colcon.colcon_core.verb:set package 'ros2_mapping' build argument 'cmake_clean_cache' from command line to 'False'
[0.582s] Level 5:colcon.colcon_core.verb:set package 'ros2_mapping' build argument 'cmake_clean_first' from command line to 'False'
[0.582s] Level 5:colcon.colcon_core.verb:set package 'ros2_mapping' build argument 'cmake_force_configure' from command line to 'False'
[0.582s] Level 5:colcon.colcon_core.verb:set package 'ros2_mapping' build argument 'ament_cmake_args' from command line to 'None'
[0.582s] Level 5:colcon.colcon_core.verb:set package 'ros2_mapping' build argument 'catkin_cmake_args' from command line to 'None'
[0.582s] Level 5:colcon.colcon_core.verb:set package 'ros2_mapping' build argument 'catkin_skip_building_tests' from command line to 'False'
[0.582s] DEBUG:colcon.colcon_core.verb:Building package 'ros2_mapping' with the following arguments: {'ament_cmake_args': None, 'build_base': '/home/felix/ydlidar_ros2_ws/build/ros2_mapping', 'catkin_cmake_args': None, 'catkin_skip_building_tests': False, 'cmake_args': None, 'cmake_clean_cache': False, 'cmake_clean_first': False, 'cmake_force_configure': False, 'cmake_target': None, 'cmake_target_skip_unavailable': False, 'install_base': '/home/felix/ydlidar_ros2_ws/install/ros2_mapping', 'merge_install': False, 'path': '/home/felix/ydlidar_ros2_ws/src/ros2_mapping', 'symlink_install': False, 'test_result_base': None}
[0.583s] Level 5:colcon.colcon_core.verb:set package 'ydlidar_ros2_driver' build argument 'cmake_args' from command line to 'None'
[0.583s] Level 5:colcon.colcon_core.verb:set package 'ydlidar_ros2_driver' build argument 'cmake_target' from command line to 'None'
[0.583s] Level 5:colcon.colcon_core.verb:set package 'ydlidar_ros2_driver' build argument 'cmake_target_skip_unavailable' from command line to 'False'
[0.583s] Level 5:colcon.colcon_core.verb:set package 'ydlidar_ros2_driver' build argument 'cmake_clean_cache' from command line to 'False'
[0.583s] Level 5:colcon.colcon_core.verb:set package 'ydlidar_ros2_driver' build argument 'cmake_clean_first' from command line to 'False'
[0.583s] Level 5:colcon.colcon_core.verb:set package 'ydlidar_ros2_driver' build argument 'cmake_force_configure' from command line to 'False'
[0.583s] Level 5:colcon.colcon_core.verb:set package 'ydlidar_ros2_driver' build argument 'ament_cmake_args' from command line to 'None'
[0.583s] Level 5:colcon.colcon_core.verb:set package 'ydlidar_ros2_driver' build argument 'catkin_cmake_args' from command line to 'None'
[0.583s] Level 5:colcon.colcon_core.verb:set package 'ydlidar_ros2_driver' build argument 'catkin_skip_building_tests' from command line to 'False'
[0.583s] DEBUG:colcon.colcon_core.verb:Building package 'ydlidar_ros2_driver' with the following arguments: {'ament_cmake_args': None, 'build_base': '/home/felix/ydlidar_ros2_ws/build/ydlidar_ros2_driver', 'catkin_cmake_args': None, 'catkin_skip_building_tests': False, 'cmake_args': None, 'cmake_clean_cache': False, 'cmake_clean_first': False, 'cmake_force_configure': False, 'cmake_target': None, 'cmake_target_skip_unavailable': False, 'install_base': '/home/felix/ydlidar_ros2_ws/install/ydlidar_ros2_driver', 'merge_install': False, 'path': '/home/felix/ydlidar_ros2_ws/src/ydlidar_ros2_driver', 'symlink_install': False, 'test_result_base': None}
[0.584s] INFO:colcon.colcon_core.executor:Executing jobs using 'parallel' executor
[0.589s] DEBUG:colcon.colcon_parallel_executor.executor.parallel:run_until_complete
[0.590s] INFO:colcon.colcon_ros.task.ament_cmake.build:Building ROS package in '/home/felix/ydlidar_ros2_ws/src/ros2_mapping' with build type 'ament_cmake'
[0.590s] INFO:colcon.colcon_cmake.task.cmake.build:Building CMake package in '/home/felix/ydlidar_ros2_ws/src/ros2_mapping'
[0.596s] INFO:colcon.colcon_core.plugin_system:Skipping extension 'colcon_core.shell.bat': Not used on non-Windows systems
[0.596s] INFO:colcon.colcon_core.shell:Skip shell extension 'powershell' for command environment: Not usable outside of PowerShell
[0.596s] DEBUG:colcon.colcon_core.shell:Skip shell extension 'dsv' for command environment
[0.608s] INFO:colcon.colcon_ros.task.ament_cmake.build:Building ROS package in '/home/felix/ydlidar_ros2_ws/src/ydlidar_ros2_driver' with build type 'ament_cmake'
[0.609s] INFO:colcon.colcon_cmake.task.cmake.build:Building CMake package in '/home/felix/ydlidar_ros2_ws/src/ydlidar_ros2_driver'
[0.612s] INFO:colcon.colcon_core.shell:Skip shell extension 'powershell' for command environment: Not usable outside of PowerShell
[0.612s] DEBUG:colcon.colcon_core.shell:Skip shell extension 'dsv' for command environment
[0.678s] DEBUG:colcon.colcon_core.event_handler.log_command:Invoking command in '/home/felix/ydlidar_ros2_ws/build/ros2_mapping': CMAKE_PREFIX_PATH=${CMAKE_PREFIX_PATH}:/home/felix/ros2_ws/install/examples_rclpy_minimal_subscriber:/home/felix/ros2_ws/install/examples_rclpy_minimal_service:/home/felix/ros2_ws/install/examples_rclpy_minimal_publisher:/home/felix/ros2_ws/install/examples_rclpy_minimal_client:/home/felix/ros2_ws/install/examples_rclpy_minimal_action_server:/home/felix/ros2_ws/install/examples_rclpy_minimal_action_client:/home/felix/ros2_ws/install/examples_rclpy_executors:/opt/ros/foxy /usr/bin/cmake --build /home/felix/ydlidar_ros2_ws/build/ros2_mapping -- -j6 -l6
[0.700s] DEBUG:colcon.colcon_core.event_handler.log_command:Invoking command in '/home/felix/ydlidar_ros2_ws/build/ydlidar_ros2_driver': CMAKE_PREFIX_PATH=${CMAKE_PREFIX_PATH}:/home/felix/ros2_ws/install/examples_rclpy_minimal_subscriber:/home/felix/ros2_ws/install/examples_rclpy_minimal_service:/home/felix/ros2_ws/install/examples_rclpy_minimal_publisher:/home/felix/ros2_ws/install/examples_rclpy_minimal_client:/home/felix/ros2_ws/install/examples_rclpy_minimal_action_server:/home/felix/ros2_ws/install/examples_rclpy_minimal_action_client:/home/felix/ros2_ws/install/examples_rclpy_executors:/opt/ros/foxy /usr/bin/cmake --build /home/felix/ydlidar_ros2_ws/build/ydlidar_ros2_driver -- -j6 -l6
[0.880s] DEBUG:colcon.colcon_core.event_handler.log_command:Invoked command in '/home/felix/ydlidar_ros2_ws/build/ydlidar_ros2_driver' returned '0': CMAKE_PREFIX_PATH=${CMAKE_PREFIX_PATH}:/home/felix/ros2_ws/install/examples_rclpy_minimal_subscriber:/home/felix/ros2_ws/install/examples_rclpy_minimal_service:/home/felix/ros2_ws/install/examples_rclpy_minimal_publisher:/home/felix/ros2_ws/install/examples_rclpy_minimal_client:/home/felix/ros2_ws/install/examples_rclpy_minimal_action_server:/home/felix/ros2_ws/install/examples_rclpy_minimal_action_client:/home/felix/ros2_ws/install/examples_rclpy_executors:/opt/ros/foxy /usr/bin/cmake --build /home/felix/ydlidar_ros2_ws/build/ydlidar_ros2_driver -- -j6 -l6
[0.990s] DEBUG:colcon.colcon_core.event_handler.log_command:Invoking command in '/home/felix/ydlidar_ros2_ws/build/ydlidar_ros2_driver': CMAKE_PREFIX_PATH=${CMAKE_PREFIX_PATH}:/home/felix/ros2_ws/install/examples_rclpy_minimal_subscriber:/home/felix/ros2_ws/install/examples_rclpy_minimal_service:/home/felix/ros2_ws/install/examples_rclpy_minimal_publisher:/home/felix/ros2_ws/install/examples_rclpy_minimal_client:/home/felix/ros2_ws/install/examples_rclpy_minimal_action_server:/home/felix/ros2_ws/install/examples_rclpy_minimal_action_client:/home/felix/ros2_ws/install/examples_rclpy_executors:/opt/ros/foxy /usr/bin/cmake --install /home/felix/ydlidar_ros2_ws/build/ydlidar_ros2_driver
[1.042s] Level 1:colcon.colcon_core.environment:create_environment_scripts_only(ydlidar_ros2_driver)
[1.047s] Level 1:colcon.colcon_core.environment:checking '/home/felix/ydlidar_ros2_ws/install/ydlidar_ros2_driver' for CMake module files
[1.047s] Level 1:colcon.colcon_core.environment:checking '/home/felix/ydlidar_ros2_ws/install/ydlidar_ros2_driver' for CMake config files
[1.048s] Level 1:colcon.colcon_core.shell:create_environment_hook('ydlidar_ros2_driver', 'cmake_prefix_path')
[1.051s] INFO:colcon.colcon_core.shell:Creating environment hook '/home/felix/ydlidar_ros2_ws/install/ydlidar_ros2_driver/share/ydlidar_ros2_driver/hook/cmake_prefix_path.ps1'
[1.052s] DEBUG:colcon.colcon_core.event_handler.log_command:Invoked command in '/home/felix/ydlidar_ros2_ws/build/ydlidar_ros2_driver' returned '0': CMAKE_PREFIX_PATH=${CMAKE_PREFIX_PATH}:/home/felix/ros2_ws/install/examples_rclpy_minimal_subscriber:/home/felix/ros2_ws/install/examples_rclpy_minimal_service:/home/felix/ros2_ws/install/examples_rclpy_minimal_publisher:/home/felix/ros2_ws/install/examples_rclpy_minimal_client:/home/felix/ros2_ws/install/examples_rclpy_minimal_action_server:/home/felix/ros2_ws/install/examples_rclpy_minimal_action_client:/home/felix/ros2_ws/install/examples_rclpy_executors:/opt/ros/foxy /usr/bin/cmake --install /home/felix/ydlidar_ros2_ws/build/ydlidar_ros2_driver
[1.053s] INFO:colcon.colcon_core.shell:Creating environment descriptor '/home/felix/ydlidar_ros2_ws/install/ydlidar_ros2_driver/share/ydlidar_ros2_driver/hook/cmake_prefix_path.dsv'
[1.054s] INFO:colcon.colcon_core.shell:Creating environment hook '/home/felix/ydlidar_ros2_ws/install/ydlidar_ros2_driver/share/ydlidar_ros2_driver/hook/cmake_prefix_path.sh'
[1.055s] Level 1:colcon.colcon_core.environment:checking '/home/felix/ydlidar_ros2_ws/install/ydlidar_ros2_driver/lib'
[1.055s] Level 1:colcon.colcon_core.environment:checking '/home/felix/ydlidar_ros2_ws/install/ydlidar_ros2_driver/bin'
[1.055s] Level 1:colcon.colcon_core.environment:checking '/home/felix/ydlidar_ros2_ws/install/ydlidar_ros2_driver/lib/pkgconfig/ydlidar_ros2_driver.pc'
[1.055s] Level 1:colcon.colcon_core.environment:checking '/home/felix/ydlidar_ros2_ws/install/ydlidar_ros2_driver/lib/python3.8/site-packages'
[1.055s] Level 1:colcon.colcon_core.environment:checking '/home/felix/ydlidar_ros2_ws/install/ydlidar_ros2_driver/bin'
[1.057s] INFO:colcon.colcon_core.shell:Creating package script '/home/felix/ydlidar_ros2_ws/install/ydlidar_ros2_driver/share/ydlidar_ros2_driver/package.ps1'
[1.058s] INFO:colcon.colcon_core.shell:Creating package descriptor '/home/felix/ydlidar_ros2_ws/install/ydlidar_ros2_driver/share/ydlidar_ros2_driver/package.dsv'
[1.059s] INFO:colcon.colcon_core.shell:Creating package script '/home/felix/ydlidar_ros2_ws/install/ydlidar_ros2_driver/share/ydlidar_ros2_driver/package.sh'
[1.060s] INFO:colcon.colcon_core.shell:Creating package script '/home/felix/ydlidar_ros2_ws/install/ydlidar_ros2_driver/share/ydlidar_ros2_driver/package.bash'
[1.060s] INFO:colcon.colcon_core.shell:Creating package script '/home/felix/ydlidar_ros2_ws/install/ydlidar_ros2_driver/share/ydlidar_ros2_driver/package.zsh'
[1.061s] Level 1:colcon.colcon_core.environment:create_file_with_runtime_dependencies(/home/felix/ydlidar_ros2_ws/install/ydlidar_ros2_driver/share/colcon-core/packages/ydlidar_ros2_driver)
[1.143s] Level 1:colcon.colcon_core.environment:create_environment_scripts_only(ydlidar_ros2_driver)
[1.144s] Level 1:colcon.colcon_core.environment:checking '/home/felix/ydlidar_ros2_ws/install/ydlidar_ros2_driver' for CMake module files
[1.145s] Level 1:colcon.colcon_core.environment:checking '/home/felix/ydlidar_ros2_ws/install/ydlidar_ros2_driver' for CMake config files
[1.145s] Level 1:colcon.colcon_core.shell:create_environment_hook('ydlidar_ros2_driver', 'cmake_prefix_path')
[1.146s] INFO:colcon.colcon_core.shell:Creating environment hook '/home/felix/ydlidar_ros2_ws/install/ydlidar_ros2_driver/share/ydlidar_ros2_driver/hook/cmake_prefix_path.ps1'
[1.147s] INFO:colcon.colcon_core.shell:Creating environment descriptor '/home/felix/ydlidar_ros2_ws/install/ydlidar_ros2_driver/share/ydlidar_ros2_driver/hook/cmake_prefix_path.dsv'
[1.150s] INFO:colcon.colcon_core.shell:Creating environment hook '/home/felix/ydlidar_ros2_ws/install/ydlidar_ros2_driver/share/ydlidar_ros2_driver/hook/cmake_prefix_path.sh'
[1.151s] Level 1:colcon.colcon_core.environment:checking '/home/felix/ydlidar_ros2_ws/install/ydlidar_ros2_driver/lib'
[1.151s] Level 1:colcon.colcon_core.environment:checking '/home/felix/ydlidar_ros2_ws/install/ydlidar_ros2_driver/bin'
[1.152s] Level 1:colcon.colcon_core.environment:checking '/home/felix/ydlidar_ros2_ws/install/ydlidar_ros2_driver/lib/pkgconfig/ydlidar_ros2_driver.pc'
[1.152s] Level 1:colcon.colcon_core.environment:checking '/home/felix/ydlidar_ros2_ws/install/ydlidar_ros2_driver/lib/python3.8/site-packages'
[1.152s] Level 1:colcon.colcon_core.environment:checking '/home/felix/ydlidar_ros2_ws/install/ydlidar_ros2_driver/bin'
[1.153s] INFO:colcon.colcon_core.shell:Creating package script '/home/felix/ydlidar_ros2_ws/install/ydlidar_ros2_driver/share/ydlidar_ros2_driver/package.ps1'
[1.154s] INFO:colcon.colcon_core.shell:Creating package descriptor '/home/felix/ydlidar_ros2_ws/install/ydlidar_ros2_driver/share/ydlidar_ros2_driver/package.dsv'
[1.154s] INFO:colcon.colcon_core.shell:Creating package script '/home/felix/ydlidar_ros2_ws/install/ydlidar_ros2_driver/share/ydlidar_ros2_driver/package.sh'
[1.155s] INFO:colcon.colcon_core.shell:Creating package script '/home/felix/ydlidar_ros2_ws/install/ydlidar_ros2_driver/share/ydlidar_ros2_driver/package.bash'
[1.155s] INFO:colcon.colcon_core.shell:Creating package script '/home/felix/ydlidar_ros2_ws/install/ydlidar_ros2_driver/share/ydlidar_ros2_driver/package.zsh'
[1.156s] Level 1:colcon.colcon_core.environment:create_file_with_runtime_dependencies(/home/felix/ydlidar_ros2_ws/install/ydlidar_ros2_driver/share/colcon-core/packages/ydlidar_ros2_driver)
[6.794s] DEBUG:colcon.colcon_core.event_handler.log_command:Invoked command in '/home/felix/ydlidar_ros2_ws/build/ros2_mapping' returned '0': CMAKE_PREFIX_PATH=${CMAKE_PREFIX_PATH}:/home/felix/ros2_ws/install/examples_rclpy_minimal_subscriber:/home/felix/ros2_ws/install/examples_rclpy_minimal_service:/home/felix/ros2_ws/install/examples_rclpy_minimal_publisher:/home/felix/ros2_ws/install/examples_rclpy_minimal_client:/home/felix/ros2_ws/install/examples_rclpy_minimal_action_server:/home/felix/ros2_ws/install/examples_rclpy_minimal_action_client:/home/felix/ros2_ws/install/examples_rclpy_executors:/opt/ros/foxy /usr/bin/cmake --build /home/felix/ydlidar_ros2_ws/build/ros2_mapping -- -j6 -l6
[6.863s] DEBUG:colcon.colcon_core.event_handler.log_command:Invoking command in '/home/felix/ydlidar_ros2_ws/build/ros2_mapping': CMAKE_PREFIX_PATH=${CMAKE_PREFIX_PATH}:/home/felix/ros2_ws/install/examples_rclpy_minimal_subscriber:/home/felix/ros2_ws/install/examples_rclpy_minimal_service:/home/felix/ros2_ws/install/examples_rclpy_minimal_publisher:/home/felix/ros2_ws/install/examples_rclpy_minimal_client:/home/felix/ros2_ws/install/examples_rclpy_minimal_action_server:/home/felix/ros2_ws/install/examples_rclpy_minimal_action_client:/home/felix/ros2_ws/install/examples_rclpy_executors:/opt/ros/foxy /usr/bin/cmake --install /home/felix/ydlidar_ros2_ws/build/ros2_mapping
[6.902s] Level 1:colcon.colcon_core.environment:create_environment_scripts_only(ros2_mapping)
[6.904s] Level 1:colcon.colcon_core.environment:checking '/home/felix/ydlidar_ros2_ws/install/ros2_mapping' for CMake module files
[6.905s] Level 1:colcon.colcon_core.environment:checking '/home/felix/ydlidar_ros2_ws/install/ros2_mapping' for CMake config files
[6.905s] Level 1:colcon.colcon_core.shell:create_environment_hook('ros2_mapping', 'cmake_prefix_path')
[6.910s] INFO:colcon.colcon_core.shell:Creating environment hook '/home/felix/ydlidar_ros2_ws/install/ros2_mapping/share/ros2_mapping/hook/cmake_prefix_path.ps1'
[6.911s] DEBUG:colcon.colcon_core.event_handler.log_command:Invoked command in '/home/felix/ydlidar_ros2_ws/build/ros2_mapping' returned '0': CMAKE_PREFIX_PATH=${CMAKE_PREFIX_PATH}:/home/felix/ros2_ws/install/examples_rclpy_minimal_subscriber:/home/felix/ros2_ws/install/examples_rclpy_minimal_service:/home/felix/ros2_ws/install/examples_rclpy_minimal_publisher:/home/felix/ros2_ws/install/examples_rclpy_minimal_client:/home/felix/ros2_ws/install/examples_rclpy_minimal_action_server:/home/felix/ros2_ws/install/examples_rclpy_minimal_action_client:/home/felix/ros2_ws/install/examples_rclpy_executors:/opt/ros/foxy /usr/bin/cmake --install /home/felix/ydlidar_ros2_ws/build/ros2_mapping
[6.912s] INFO:colcon.colcon_core.shell:Creating environment descriptor '/home/felix/ydlidar_ros2_ws/install/ros2_mapping/share/ros2_mapping/hook/cmake_prefix_path.dsv'
[6.912s] INFO:colcon.colcon_core.shell:Creating environment hook '/home/felix/ydlidar_ros2_ws/install/ros2_mapping/share/ros2_mapping/hook/cmake_prefix_path.sh'
[6.913s] Level 1:colcon.colcon_core.environment:checking '/home/felix/ydlidar_ros2_ws/install/ros2_mapping/lib'
[6.913s] Level 1:colcon.colcon_core.environment:checking '/home/felix/ydlidar_ros2_ws/install/ros2_mapping/bin'
[6.914s] Level 1:colcon.colcon_core.environment:checking '/home/felix/ydlidar_ros2_ws/install/ros2_mapping/lib/pkgconfig/ros2_mapping.pc'
[6.914s] Level 1:colcon.colcon_core.environment:checking '/home/felix/ydlidar_ros2_ws/install/ros2_mapping/lib/python3.8/site-packages'
[6.914s] Level 1:colcon.colcon_core.environment:checking '/home/felix/ydlidar_ros2_ws/install/ros2_mapping/bin'
[6.916s] INFO:colcon.colcon_core.shell:Creating package script '/home/felix/ydlidar_ros2_ws/install/ros2_mapping/share/ros2_mapping/package.ps1'
[6.919s] INFO:colcon.colcon_core.shell:Creating package descriptor '/home/felix/ydlidar_ros2_ws/install/ros2_mapping/share/ros2_mapping/package.dsv'
[6.925s] INFO:colcon.colcon_core.shell:Creating package script '/home/felix/ydlidar_ros2_ws/install/ros2_mapping/share/ros2_mapping/package.sh'
[6.925s] INFO:colcon.colcon_core.shell:Creating package script '/home/felix/ydlidar_ros2_ws/install/ros2_mapping/share/ros2_mapping/package.bash'
[6.928s] INFO:colcon.colcon_core.shell:Creating package script '/home/felix/ydlidar_ros2_ws/install/ros2_mapping/share/ros2_mapping/package.zsh'
[6.928s] Level 1:colcon.colcon_core.environment:create_file_with_runtime_dependencies(/home/felix/ydlidar_ros2_ws/install/ros2_mapping/share/colcon-core/packages/ros2_mapping)
[7.036s] Level 1:colcon.colcon_core.environment:create_environment_scripts_only(ros2_mapping)
[7.040s] Level 1:colcon.colcon_core.environment:checking '/home/felix/ydlidar_ros2_ws/install/ros2_mapping' for CMake module files
[7.041s] Level 1:colcon.colcon_core.environment:checking '/home/felix/ydlidar_ros2_ws/install/ros2_mapping' for CMake config files
[7.042s] Level 1:colcon.colcon_core.shell:create_environment_hook('ros2_mapping', 'cmake_prefix_path')
[7.043s] INFO:colcon.colcon_core.shell:Creating environment hook '/home/felix/ydlidar_ros2_ws/install/ros2_mapping/share/ros2_mapping/hook/cmake_prefix_path.ps1'
[7.043s] INFO:colcon.colcon_core.shell:Creating environment descriptor '/home/felix/ydlidar_ros2_ws/install/ros2_mapping/share/ros2_mapping/hook/cmake_prefix_path.dsv'
[7.044s] INFO:colcon.colcon_core.shell:Creating environment hook '/home/felix/ydlidar_ros2_ws/install/ros2_mapping/share/ros2_mapping/hook/cmake_prefix_path.sh'
[7.045s] Level 1:colcon.colcon_core.environment:checking '/home/felix/ydlidar_ros2_ws/install/ros2_mapping/lib'
[7.045s] Level 1:colcon.colcon_core.environment:checking '/home/felix/ydlidar_ros2_ws/install/ros2_mapping/bin'
[7.045s] Level 1:colcon.colcon_core.environment:checking '/home/felix/ydlidar_ros2_ws/install/ros2_mapping/lib/pkgconfig/ros2_mapping.pc'
[7.045s] Level 1:colcon.colcon_core.environment:checking '/home/felix/ydlidar_ros2_ws/install/ros2_mapping/lib/python3.8/site-packages'
[7.046s] Level 1:colcon.colcon_core.environment:checking '/home/felix/ydlidar_ros2_ws/install/ros2_mapping/bin'
[7.048s] INFO:colcon.colcon_core.shell:Creating package script '/home/felix/ydlidar_ros2_ws/install/ros2_mapping/share/ros2_mapping/package.ps1'
[7.048s] INFO:colcon.colcon_core.shell:Creating package descriptor '/home/felix/ydlidar_ros2_ws/install/ros2_mapping/share/ros2_mapping/package.dsv'
[7.049s] INFO:colcon.colcon_core.shell:Creating package script '/home/felix/ydlidar_ros2_ws/install/ros2_mapping/share/ros2_mapping/package.sh'
[7.049s] INFO:colcon.colcon_core.shell:Creating package script '/home/felix/ydlidar_ros2_ws/install/ros2_mapping/share/ros2_mapping/package.bash'
[7.050s] INFO:colcon.colcon_core.shell:Creating package script '/home/felix/ydlidar_ros2_ws/install/ros2_mapping/share/ros2_mapping/package.zsh'
[7.050s] Level 1:colcon.colcon_core.environment:create_file_with_runtime_dependencies(/home/felix/ydlidar_ros2_ws/install/ros2_mapping/share/colcon-core/packages/ros2_mapping)
[7.051s] DEBUG:colcon.colcon_parallel_executor.executor.parallel:closing loop
[7.052s] DEBUG:colcon.colcon_parallel_executor.executor.parallel:loop closed
[7.052s] DEBUG:colcon.colcon_parallel_executor.executor.parallel:run_until_complete finished with '0'
[7.052s] DEBUG:colcon.colcon_core.event_reactor:joining thread
[7.069s] INFO:colcon.colcon_core.plugin_system:Skipping extension 'colcon_notification.desktop_notification.terminal_notifier': Not used on non-Darwin systems
[7.070s] INFO:colcon.colcon_core.plugin_system:Skipping extension 'colcon_notification.desktop_notification.win32': Not used on non-Windows systems
[7.070s] INFO:colcon.colcon_notification.desktop_notification:Sending desktop notification using 'notify2'
[7.125s] DEBUG:colcon.colcon_core.event_reactor:joined thread
[7.128s] INFO:colcon.colcon_core.shell:Creating prefix script '/home/felix/ydlidar_ros2_ws/install/local_setup.ps1'
[7.131s] INFO:colcon.colcon_core.shell:Creating prefix util module '/home/felix/ydlidar_ros2_ws/install/_local_setup_util_ps1.py'
[7.133s] INFO:colcon.colcon_core.shell:Creating prefix chain script '/home/felix/ydlidar_ros2_ws/install/setup.ps1'
[7.135s] INFO:colcon.colcon_core.shell:Creating prefix script '/home/felix/ydlidar_ros2_ws/install/local_setup.sh'
[7.136s] INFO:colcon.colcon_core.shell:Creating prefix util module '/home/felix/ydlidar_ros2_ws/install/_local_setup_util_sh.py'
[7.137s] INFO:colcon.colcon_core.shell:Creating prefix chain script '/home/felix/ydlidar_ros2_ws/install/setup.sh'
[7.139s] INFO:colcon.colcon_core.shell:Creating prefix script '/home/felix/ydlidar_ros2_ws/install/local_setup.bash'
[7.140s] INFO:colcon.colcon_core.shell:Creating prefix chain script '/home/felix/ydlidar_ros2_ws/install/setup.bash'
[7.145s] INFO:colcon.colcon_core.shell:Creating prefix script '/home/felix/ydlidar_ros2_ws/install/local_setup.zsh'
[7.146s] INFO:colcon.colcon_core.shell:Creating prefix chain script '/home/felix/ydlidar_ros2_ws/install/setup.zsh'
