[0.026s] Invoking command in '/home/felix/ydlidar_ros2_ws/build/ros2_mapping': CMAKE_PREFIX_PATH=${CMAKE_PREFIX_PATH}:/home/felix/ros2_ws/install/examples_rclpy_minimal_subscriber:/home/felix/ros2_ws/install/examples_rclpy_minimal_service:/home/felix/ros2_ws/install/examples_rclpy_minimal_publisher:/home/felix/ros2_ws/install/examples_rclpy_minimal_client:/home/felix/ros2_ws/install/examples_rclpy_minimal_action_server:/home/felix/ros2_ws/install/examples_rclpy_minimal_action_client:/home/felix/ros2_ws/install/examples_rclpy_executors:/opt/ros/foxy /usr/bin/cmake --build /home/felix/ydlidar_ros2_ws/build/ros2_mapping -- -j6 -l6
[0.056s] -- Found ament_cmake: 0.9.11 (/opt/ros/foxy/share/ament_cmake/cmake)
[0.085s] -- Using PYTHON_EXECUTABLE: /usr/bin/python3
[0.245s] -- Found ament_lint_auto: 0.9.8 (/opt/ros/foxy/share/ament_lint_auto/cmake)
[0.350s] CMake Error at CMakeLists.txt:35 (find_package):
[0.350s]   By not providing "Findtf.cmake" in CMAKE_MODULE_PATH this project has asked
[0.350s]   CMake to find a package configuration file provided by "tf", but CMake did
[0.350s]   not find one.
[0.350s] 
[0.350s]   Could not find a package configuration file provided by "tf" with any of
[0.350s]   the following names:
[0.350s] 
[0.350s]     tfConfig.cmake
[0.350s]     tf-config.cmake
[0.350s] 
[0.350s]   Add the installation prefix of "tf" to CMAKE_PREFIX_PATH or set "tf_DIR" to
[0.350s]   a directory containing one of the above files.  If "tf" provides a separate
[0.351s]   development package or SDK, be sure it has been installed.
[0.351s] 
[0.351s] 
[0.351s] -- Configuring incomplete, errors occurred!
[0.351s] See also "/home/felix/ydlidar_ros2_ws/build/ros2_mapping/CMakeFiles/CMakeOutput.log".
[0.353s] make: *** [Makefile:222: cmake_check_build_system] Fehler 1
[0.355s] Invoked command in '/home/felix/ydlidar_ros2_ws/build/ros2_mapping' returned '2': CMAKE_PREFIX_PATH=${CMAKE_PREFIX_PATH}:/home/felix/ros2_ws/install/examples_rclpy_minimal_subscriber:/home/felix/ros2_ws/install/examples_rclpy_minimal_service:/home/felix/ros2_ws/install/examples_rclpy_minimal_publisher:/home/felix/ros2_ws/install/examples_rclpy_minimal_client:/home/felix/ros2_ws/install/examples_rclpy_minimal_action_server:/home/felix/ros2_ws/install/examples_rclpy_minimal_action_client:/home/felix/ros2_ws/install/examples_rclpy_executors:/opt/ros/foxy /usr/bin/cmake --build /home/felix/ydlidar_ros2_ws/build/ros2_mapping -- -j6 -l6
