[0.044s] Invoking command in '/home/felix/ydlidar_ros2_ws/build/ros2_mapping': CMAKE_PREFIX_PATH=${CMAKE_PREFIX_PATH}:/home/felix/ros2_ws/install/examples_rclpy_minimal_subscriber:/home/felix/ros2_ws/install/examples_rclpy_minimal_service:/home/felix/ros2_ws/install/examples_rclpy_minimal_publisher:/home/felix/ros2_ws/install/examples_rclpy_minimal_client:/home/felix/ros2_ws/install/examples_rclpy_minimal_action_server:/home/felix/ros2_ws/install/examples_rclpy_minimal_action_client:/home/felix/ros2_ws/install/examples_rclpy_executors:/opt/ros/foxy /usr/bin/cmake --build /home/felix/ydlidar_ros2_ws/build/ros2_mapping -- -j6 -l6
[0.070s] -- Found ament_cmake: 0.9.11 (/opt/ros/foxy/share/ament_cmake/cmake)
[0.097s] -- Using PYTHON_EXECUTABLE: /usr/bin/python3
[0.264s] -- Found ament_lint_auto: 0.9.8 (/opt/ros/foxy/share/ament_lint_auto/cmake)
[0.324s] -- Found rclcpp: 2.4.2 (/opt/ros/foxy/share/rclcpp/cmake)
[0.352s] -- Using all available rosidl_typesupport_c: rosidl_typesupport_fastrtps_c;rosidl_typesupport_introspection_c
[0.355s] -- Found rosidl_adapter: 1.3.0 (/opt/ros/foxy/share/rosidl_adapter/cmake)
[0.448s] -- Using all available rosidl_typesupport_cpp: rosidl_typesupport_fastrtps_cpp;rosidl_typesupport_introspection_cpp
[0.488s] -- Found rmw_implementation_cmake: 1.0.4 (/opt/ros/foxy/share/rmw_implementation_cmake/cmake)
[0.490s] -- Using RMW implementation 'rmw_fastrtps_cpp' as default
[0.601s] -- Found nav_msgs: 2.0.5 (/opt/ros/foxy/share/nav_msgs/cmake)
[0.692s] -- Found tf2: 0.13.14 (/opt/ros/foxy/share/tf2/cmake)
[0.700s] -- Found tf2_ros: 0.13.14 (/opt/ros/foxy/share/tf2_ros/cmake)
[0.962s] -- Added test 'copyright' to check source files copyright and LICENSE
[0.964s] -- Added test 'cppcheck' to perform static code analysis on C / C++ code
[0.965s] -- Configured cppcheck include dirs: /home/felix/ydlidar_ros2_ws/src/ros2_mapping/include
[0.965s] -- Configured cppcheck exclude dirs and/or files: 
[0.967s] -- Added test 'cpplint' to check C / C++ code against the Google style
[0.967s] -- Configured cpplint exclude dirs and/or files: 
[0.968s] -- Added test 'flake8' to check Python code syntax and style conventions
[0.968s] -- Added test 'lint_cmake' to check CMake code style
[0.969s] -- Added test 'pep257' to check Python code against some of the style conventions in PEP 257
[0.971s] -- Added test 'uncrustify' to check C / C++ code style
[0.971s] -- Configured uncrustify additional arguments: 
[0.972s] -- Added test 'xmllint' to check XML markup files
[0.974s] -- Configuring done
[1.156s] -- Generating done
[1.159s] -- Build files have been written to: /home/felix/ydlidar_ros2_ws/build/ros2_mapping
[1.200s] [ 50%] [32mBuilding CXX object CMakeFiles/odometry.dir/src/odometry.cpp.o[0m
[1.273s] [01m[K/home/felix/ydlidar_ros2_ws/src/ros2_mapping/src/odometry.cpp:4:10:[m[K [01;31m[Kfatal error: [m[Kgeometry_msgs/msg/transformStamped.hpp: Datei oder Verzeichnis nicht gefunden
[1.273s]     4 | #include [01;31m[K"geometry_msgs/msg/transformStamped.hpp"[m[K
[1.273s]       |          [01;31m[K^~~~~~~~~~~~~~~~~~~~~~~~~~~~~~~~~~~~~~~~[m[K
[1.273s] compilation terminated.
[1.276s] make[2]: *** [CMakeFiles/odometry.dir/build.make:63: CMakeFiles/odometry.dir/src/odometry.cpp.o] Fehler 1
[1.276s] make[1]: *** [CMakeFiles/Makefile2:78: CMakeFiles/odometry.dir/all] Fehler 2
[1.279s] make: *** [Makefile:141: all] Fehler 2
[1.285s] Invoked command in '/home/felix/ydlidar_ros2_ws/build/ros2_mapping' returned '2': CMAKE_PREFIX_PATH=${CMAKE_PREFIX_PATH}:/home/felix/ros2_ws/install/examples_rclpy_minimal_subscriber:/home/felix/ros2_ws/install/examples_rclpy_minimal_service:/home/felix/ros2_ws/install/examples_rclpy_minimal_publisher:/home/felix/ros2_ws/install/examples_rclpy_minimal_client:/home/felix/ros2_ws/install/examples_rclpy_minimal_action_server:/home/felix/ros2_ws/install/examples_rclpy_minimal_action_client:/home/felix/ros2_ws/install/examples_rclpy_executors:/opt/ros/foxy /usr/bin/cmake --build /home/felix/ydlidar_ros2_ws/build/ros2_mapping -- -j6 -l6
