[0.023s] Invoking command in '/home/felix/ydlidar_ros2_ws/build/ydlidar_ros2_driver': CMAKE_PREFIX_PATH=${CMAKE_PREFIX_PATH}:/home/felix/ros2_ws/install/examples_rclpy_minimal_subscriber:/home/felix/ros2_ws/install/examples_rclpy_minimal_service:/home/felix/ros2_ws/install/examples_rclpy_minimal_publisher:/home/felix/ros2_ws/install/examples_rclpy_minimal_client:/home/felix/ros2_ws/install/examples_rclpy_minimal_action_server:/home/felix/ros2_ws/install/examples_rclpy_minimal_action_client:/home/felix/ros2_ws/install/examples_rclpy_executors:/opt/ros/foxy /usr/bin/cmake --build /home/felix/ydlidar_ros2_ws/build/ydlidar_ros2_driver -- -j6 -l6
[0.077s] [ 50%] Built target ydlidar_ros2_driver_client
[0.080s] [100%] Built target ydlidar_ros2_driver_node
[0.090s] Invoked command in '/home/felix/ydlidar_ros2_ws/build/ydlidar_ros2_driver' returned '0': CMAKE_PREFIX_PATH=${CMAKE_PREFIX_PATH}:/home/felix/ros2_ws/install/examples_rclpy_minimal_subscriber:/home/felix/ros2_ws/install/examples_rclpy_minimal_service:/home/felix/ros2_ws/install/examples_rclpy_minimal_publisher:/home/felix/ros2_ws/install/examples_rclpy_minimal_client:/home/felix/ros2_ws/install/examples_rclpy_minimal_action_server:/home/felix/ros2_ws/install/examples_rclpy_minimal_action_client:/home/felix/ros2_ws/install/examples_rclpy_executors:/opt/ros/foxy /usr/bin/cmake --build /home/felix/ydlidar_ros2_ws/build/ydlidar_ros2_driver -- -j6 -l6
[0.131s] Invoking command in '/home/felix/ydlidar_ros2_ws/build/ydlidar_ros2_driver': CMAKE_PREFIX_PATH=${CMAKE_PREFIX_PATH}:/home/felix/ros2_ws/install/examples_rclpy_minimal_subscriber:/home/felix/ros2_ws/install/examples_rclpy_minimal_service:/home/felix/ros2_ws/install/examples_rclpy_minimal_publisher:/home/felix/ros2_ws/install/examples_rclpy_minimal_client:/home/felix/ros2_ws/install/examples_rclpy_minimal_action_server:/home/felix/ros2_ws/install/examples_rclpy_minimal_action_client:/home/felix/ros2_ws/install/examples_rclpy_executors:/opt/ros/foxy /usr/bin/cmake --install /home/felix/ydlidar_ros2_ws/build/ydlidar_ros2_driver
[0.139s] -- Install configuration: ""
[0.139s] -- Execute custom install script
[0.139s] -- Up-to-date symlink: /home/felix/ydlidar_ros2_ws/install/ydlidar_ros2_driver/lib/ydlidar_ros2_driver/ydlidar_ros2_driver_node
[0.139s] -- Up-to-date symlink: /home/felix/ydlidar_ros2_ws/install/ydlidar_ros2_driver/lib/ydlidar_ros2_driver/ydlidar_ros2_driver_client
[0.140s] -- Up-to-date symlink: /home/felix/ydlidar_ros2_ws/install/ydlidar_ros2_driver/share/ydlidar_ros2_driver/launch/ydlidar.py
[0.140s] -- Up-to-date symlink: /home/felix/ydlidar_ros2_ws/install/ydlidar_ros2_driver/share/ydlidar_ros2_driver/launch/ydlidar_launch.py
[0.140s] -- Up-to-date symlink: /home/felix/ydlidar_ros2_ws/install/ydlidar_ros2_driver/share/ydlidar_ros2_driver/launch/ydlidar_launch_view.py
[0.141s] -- Up-to-date symlink: /home/felix/ydlidar_ros2_ws/install/ydlidar_ros2_driver/share/ydlidar_ros2_driver/params/ydlidar.yaml
[0.142s] -- Up-to-date symlink: /home/felix/ydlidar_ros2_ws/install/ydlidar_ros2_driver/share/ydlidar_ros2_driver/startup/initenv.sh
[0.142s] -- Up-to-date symlink: /home/felix/ydlidar_ros2_ws/install/ydlidar_ros2_driver/share/ydlidar_ros2_driver/config/ydlidar.rviz
[0.142s] -- Up-to-date symlink: /home/felix/ydlidar_ros2_ws/install/ydlidar_ros2_driver/share/ament_index/resource_index/package_run_dependencies/ydlidar_ros2_driver
[0.142s] -- Up-to-date symlink: /home/felix/ydlidar_ros2_ws/install/ydlidar_ros2_driver/share/ament_index/resource_index/parent_prefix_path/ydlidar_ros2_driver
[0.143s] -- Up-to-date symlink: /home/felix/ydlidar_ros2_ws/install/ydlidar_ros2_driver/share/ydlidar_ros2_driver/environment/ament_prefix_path.sh
[0.143s] -- Up-to-date symlink: /home/felix/ydlidar_ros2_ws/install/ydlidar_ros2_driver/share/ydlidar_ros2_driver/environment/ament_prefix_path.dsv
[0.143s] -- Up-to-date symlink: /home/felix/ydlidar_ros2_ws/install/ydlidar_ros2_driver/share/ydlidar_ros2_driver/environment/path.sh
[0.143s] -- Up-to-date symlink: /home/felix/ydlidar_ros2_ws/install/ydlidar_ros2_driver/share/ydlidar_ros2_driver/environment/path.dsv
[0.144s] -- Up-to-date symlink: /home/felix/ydlidar_ros2_ws/install/ydlidar_ros2_driver/share/ydlidar_ros2_driver/local_setup.bash
[0.144s] -- Up-to-date symlink: /home/felix/ydlidar_ros2_ws/install/ydlidar_ros2_driver/share/ydlidar_ros2_driver/local_setup.sh
[0.144s] -- Up-to-date symlink: /home/felix/ydlidar_ros2_ws/install/ydlidar_ros2_driver/share/ydlidar_ros2_driver/local_setup.zsh
[0.144s] -- Up-to-date symlink: /home/felix/ydlidar_ros2_ws/install/ydlidar_ros2_driver/share/ydlidar_ros2_driver/local_setup.dsv
[0.144s] -- Symlinking: /home/felix/ydlidar_ros2_ws/install/ydlidar_ros2_driver/share/ydlidar_ros2_driver/package.dsv
[0.156s] -- Up-to-date symlink: /home/felix/ydlidar_ros2_ws/install/ydlidar_ros2_driver/share/ament_index/resource_index/packages/ydlidar_ros2_driver
[0.156s] -- Up-to-date symlink: /home/felix/ydlidar_ros2_ws/install/ydlidar_ros2_driver/share/ydlidar_ros2_driver/cmake/ydlidar_ros2_driverConfig.cmake
[0.156s] -- Up-to-date symlink: /home/felix/ydlidar_ros2_ws/install/ydlidar_ros2_driver/share/ydlidar_ros2_driver/cmake/ydlidar_ros2_driverConfig-version.cmake
[0.156s] -- Up-to-date symlink: /home/felix/ydlidar_ros2_ws/install/ydlidar_ros2_driver/share/ydlidar_ros2_driver/package.xml
[0.161s] Invoked command in '/home/felix/ydlidar_ros2_ws/build/ydlidar_ros2_driver' returned '0': CMAKE_PREFIX_PATH=${CMAKE_PREFIX_PATH}:/home/felix/ros2_ws/install/examples_rclpy_minimal_subscriber:/home/felix/ros2_ws/install/examples_rclpy_minimal_service:/home/felix/ros2_ws/install/examples_rclpy_minimal_publisher:/home/felix/ros2_ws/install/examples_rclpy_minimal_client:/home/felix/ros2_ws/install/examples_rclpy_minimal_action_server:/home/felix/ros2_ws/install/examples_rclpy_minimal_action_client:/home/felix/ros2_ws/install/examples_rclpy_executors:/opt/ros/foxy /usr/bin/cmake --install /home/felix/ydlidar_ros2_ws/build/ydlidar_ros2_driver
